0.000 1 arrives
0.000 1 serves by server 1
0.045 2 arrives
0.045 2 serves by server 2
0.060 3 arrives
0.060 3 serves by server 3
0.159 4(greedy) arrives
0.159 4(greedy) serves by self-check 4
0.162 5(greedy) arrives
0.162 5(greedy) serves by self-check 5
0.184 6 arrives
0.184 6 waits at server 1
0.185 7 arrives
0.185 7 waits at server 1
0.313 1 done serving by server 1
0.396 8 arrives
0.396 8 waits at server 1
0.423 4(greedy) done serving by self-check 4
0.627 6 serves by server 1
0.767 9(greedy) arrives
0.767 9(greedy) serves by self-check 4
0.809 10 arrives
0.809 10 waits at server 1
0.817 11 arrives
0.817 11 waits at server 1
0.982 9(greedy) done serving by self-check 4
1.042 6 done serving by server 1
1.315 12 arrives
1.315 12 serves by self-check 4
1.368 13(greedy) arrives
1.368 13(greedy) waits at server 2
1.391 14 arrives
1.391 14 waits at server 1
1.643 5(greedy) done serving by self-check 5
1.801 15 arrives
1.801 15 serves by self-check 5
1.929 16 arrives
1.929 16 waits at server 1
2.010 15 done serving by self-check 5
2.078 17(greedy) arrives
2.078 17(greedy) serves by self-check 5
2.079 18 arrives
2.079 18 waits at server 1
2.134 17(greedy) done serving by self-check 5
2.161 19(greedy) arrives
2.161 19(greedy) serves by self-check 5
2.267 20 arrives
2.267 20 waits at server 1
2.690 2 done serving by server 2
2.697 21(greedy) arrives
2.697 21(greedy) waits at server 3
2.761 3 done serving by server 3
2.774 22(greedy) arrives
2.774 22(greedy) waits at self-check 4
2.797 23(greedy) arrives
2.797 23(greedy) waits at server 2
3.008 24(greedy) arrives
3.008 24(greedy) waits at server 3
3.276 25 arrives
3.276 25 waits at server 1
3.281 26(greedy) arrives
3.281 26(greedy) waits at self-check 4
3.406 13(greedy) serves by server 2
3.470 7 serves by server 1
3.471 7 done serving by server 1
3.489 27(greedy) arrives
3.489 27(greedy) waits at server 2
3.500 13(greedy) done serving by server 2
3.533 21(greedy) serves by server 3
3.558 28(greedy) arrives
3.558 28(greedy) waits at server 3
3.629 29(greedy) arrives
3.629 29(greedy) waits at server 2
3.829 30(greedy) arrives
3.829 30(greedy) waits at server 3
3.854 31(greedy) arrives
3.854 31(greedy) waits at self-check 4
3.859 23(greedy) serves by server 2
3.882 23(greedy) done serving by server 2
3.907 32 arrives
3.907 32 waits at server 1
3.939 33(greedy) arrives
3.939 33(greedy) waits at server 2
4.040 19(greedy) done serving by self-check 5
4.040 22(greedy) serves by self-check 5
4.150 21(greedy) done serving by server 3
4.238 34(greedy) arrives
4.238 34(greedy) waits at self-check 4
4.272 8 serves by server 1
4.424 24(greedy) serves by server 3
4.556 35 arrives
4.556 35 waits at server 1
4.828 12 done serving by self-check 4
4.828 26(greedy) serves by self-check 4
4.872 8 done serving by server 1
5.045 36(greedy) arrives
5.045 36(greedy) waits at server 3
5.054 37 arrives
5.054 37 waits at server 1
5.163 27(greedy) serves by server 2
5.243 38(greedy) arrives
5.243 38(greedy) waits at server 2
5.327 39(greedy) arrives
5.327 39(greedy) waits at self-check 4
5.539 40 arrives
5.539 40 waits at server 2
5.641 26(greedy) done serving by self-check 4
5.641 31(greedy) serves by self-check 4
5.817 41 arrives
5.817 41 waits at server 2
5.882 22(greedy) done serving by self-check 5
5.882 34(greedy) serves by self-check 5
6.048 27(greedy) done serving by server 2
6.131 29(greedy) serves by server 2
6.243 42 arrives
6.243 42 waits at server 2
6.389 10 serves by server 1
6.448 10 done serving by server 1
6.534 43(greedy) arrives
6.534 43(greedy) waits at self-check 4
6.569 11 serves by server 1
6.685 11 done serving by server 1
6.793 24(greedy) done serving by server 3
6.849 29(greedy) done serving by server 2
6.891 31(greedy) done serving by self-check 4
6.891 39(greedy) serves by self-check 4
6.917 28(greedy) serves by server 3
6.941 44 arrives
6.941 44 waits at server 1
7.052 45 arrives
7.052 45 waits at server 1
7.160 46(greedy) arrives
7.160 46(greedy) waits at self-check 4
7.356 47(greedy) arrives
7.356 47(greedy) waits at server 3
7.390 48 arrives
7.390 48 waits at server 2
7.427 49(greedy) arrives
7.427 49(greedy) waits at self-check 4
7.476 28(greedy) done serving by server 3
7.515 39(greedy) done serving by self-check 4
7.515 43(greedy) serves by self-check 4
7.579 50 arrives
7.579 50 waits at server 2
7.625 51 arrives
7.625 51 waits at server 2
7.643 52(greedy) arrives
7.643 52(greedy) waits at self-check 4
7.659 34(greedy) done serving by self-check 5
7.659 46(greedy) serves by self-check 5
7.672 33(greedy) serves by server 2
7.711 33(greedy) done serving by server 2
7.716 38(greedy) serves by server 2
7.766 53 arrives
7.766 53 waits at server 2
8.020 54 arrives
8.020 54 waits at server 2
8.029 46(greedy) done serving by self-check 5
8.029 49(greedy) serves by self-check 5
8.190 14 serves by server 1
8.285 55 arrives
8.285 55 waits at server 1
8.410 30(greedy) serves by server 3
8.534 56(greedy) arrives
8.534 56(greedy) waits at self-check 4
8.616 57(greedy) arrives
8.616 57(greedy) waits at server 3
8.814 38(greedy) done serving by server 2
8.885 43(greedy) done serving by self-check 4
8.885 52(greedy) serves by self-check 4
8.940 40 serves by server 2
8.949 58 arrives
8.949 58 waits at server 2
9.059 14 done serving by server 1
9.176 52(greedy) done serving by self-check 4
9.176 56(greedy) serves by self-check 4
9.210 59(greedy) arrives
9.210 59(greedy) waits at self-check 4
9.275 60 arrives
9.275 60 waits at server 2
9.366 61 arrives
9.366 61 waits at server 2
9.376 49(greedy) done serving by self-check 5
9.376 59(greedy) serves by self-check 5
9.698 40 done serving by server 2
9.874 62 arrives
9.874 62 waits at server 3
9.958 63 arrives
9.958 63 waits at server 3
10.031 64(greedy) arrives
10.031 64(greedy) waits at self-check 4
10.133 65 arrives
10.133 65 waits at server 3
10.148 66 arrives
10.148 66 waits at server 3
10.171 59(greedy) done serving by self-check 5
10.171 64(greedy) serves by self-check 5
10.320 16 serves by server 1
10.487 30(greedy) done serving by server 3
10.604 67(greedy) arrives
10.604 67(greedy) waits at self-check 4
10.715 68 arrives
10.715 68 waits at server 1
10.848 69(greedy) arrives
10.848 69(greedy) waits at self-check 4
10.880 70 arrives
10.880 70 waits at server 3
10.953 56(greedy) done serving by self-check 4
10.953 67(greedy) serves by self-check 4
11.008 36(greedy) serves by server 3
11.011 16 done serving by server 1
11.038 71(greedy) arrives
11.038 71(greedy) waits at self-check 4
11.093 41 serves by server 2
11.097 72(greedy) arrives
11.097 72(greedy) waits at self-check 4
11.142 73(greedy) arrives
11.142 73(greedy) waits at self-check 4
11.192 74 arrives
11.192 74 waits at server 2
11.282 75 arrives
11.282 75 waits at server 3
11.433 64(greedy) done serving by self-check 5
11.433 69(greedy) serves by self-check 5
11.624 67(greedy) done serving by self-check 4
11.624 71(greedy) serves by self-check 4
11.681 18 serves by server 1
11.705 36(greedy) done serving by server 3
11.795 71(greedy) done serving by self-check 4
11.795 72(greedy) serves by self-check 4
11.901 72(greedy) done serving by self-check 4
11.901 73(greedy) serves by self-check 4
12.186 41 done serving by server 2
12.213 73(greedy) done serving by self-check 4
12.274 76 arrives
12.274 76 serves by self-check 4
12.281 77 arrives
12.281 77 waits at server 1
12.427 78 arrives
12.427 78 waits at server 3
12.493 79 arrives
12.493 79 waits at server 3
12.574 69(greedy) done serving by self-check 5
12.740 80(greedy) arrives
12.740 80(greedy) serves by self-check 5
12.841 81 arrives
12.841 81 waits at self-check 4
12.855 82(greedy) arrives
12.855 82(greedy) waits at self-check 4
12.857 76 done serving by self-check 4
12.857 81 serves by self-check 4
13.035 83(greedy) arrives
13.035 83(greedy) waits at self-check 4
13.078 84 arrives
13.078 84 waits at self-check 4
13.265 85(greedy) arrives
13.265 85(greedy) waits at self-check 4
13.327 86(greedy) arrives
13.327 86(greedy) waits at self-check 4
13.357 87(greedy) arrives
13.357 87(greedy) waits at self-check 4
13.447 88 arrives
13.447 88 waits at self-check 4
13.919 89 arrives
13.919 89 waits at self-check 4
13.988 90 arrives
13.988 90 waits at self-check 4
14.238 91 arrives
14.238 91 waits at self-check 4
14.260 80(greedy) done serving by self-check 5
14.260 82(greedy) serves by self-check 5
14.266 47(greedy) serves by server 3
14.555 92 arrives
14.555 92 waits at server 3
14.604 18 done serving by server 1
14.632 93(greedy) arrives
14.632 93(greedy) waits at self-check 4
14.767 94(greedy) arrives
14.767 94(greedy) leaves
14.787 95(greedy) arrives
14.787 95(greedy) leaves
14.851 47(greedy) done serving by server 3
14.879 96(greedy) arrives
14.879 96(greedy) leaves
14.894 97(greedy) arrives
14.894 97(greedy) leaves
14.912 98 arrives
14.912 98 leaves
14.985 20 serves by server 1
15.080 99 arrives
15.080 99 waits at server 1
15.221 100 arrives
15.221 100 leaves
15.347 101 arrives
15.347 101 leaves
15.390 102(greedy) arrives
15.390 102(greedy) leaves
15.401 42 serves by server 2
15.409 103 arrives
15.409 103 waits at server 2
15.424 104(greedy) arrives
15.424 104(greedy) leaves
15.520 20 done serving by server 1
15.611 105 arrives
15.611 105 leaves
15.648 57(greedy) serves by server 3
15.771 106(greedy) arrives
15.771 106(greedy) waits at server 3
15.785 107 arrives
15.785 107 leaves
15.846 108(greedy) arrives
15.846 108(greedy) leaves
15.897 81 done serving by self-check 4
15.897 83(greedy) serves by self-check 4
15.957 83(greedy) done serving by self-check 4
15.957 84 serves by self-check 4
15.992 57(greedy) done serving by server 3
16.228 109(greedy) arrives
16.228 109(greedy) waits at self-check 4
16.447 110(greedy) arrives
16.447 110(greedy) waits at self-check 4
16.535 82(greedy) done serving by self-check 5
16.535 85(greedy) serves by self-check 5
16.557 25 serves by server 1
16.609 111 arrives
16.609 111 waits at server 1
16.611 112(greedy) arrives
16.611 112(greedy) waits at self-check 4
16.617 113(greedy) arrives
16.617 113(greedy) leaves
16.658 42 done serving by server 2
16.702 114 arrives
16.702 114 leaves
16.721 25 done serving by server 1
17.190 62 serves by server 3
17.253 115(greedy) arrives
17.253 115(greedy) waits at server 3
17.328 116 arrives
17.328 116 leaves
17.331 117(greedy) arrives
17.331 117(greedy) leaves
17.414 118(greedy) arrives
17.414 118(greedy) leaves
17.607 119 arrives
17.607 119 leaves
17.771 32 serves by server 1
17.887 85(greedy) done serving by self-check 5
17.887 86(greedy) serves by self-check 5
17.893 62 done serving by server 3
17.935 120(greedy) arrives
17.935 120(greedy) waits at server 1
18.025 121(greedy) arrives
18.025 121(greedy) waits at self-check 4
18.260 63 serves by server 3
18.287 122(greedy) arrives
18.287 122(greedy) waits at server 3
18.338 86(greedy) done serving by self-check 5
18.338 87(greedy) serves by self-check 5
18.502 123(greedy) arrives
18.502 123(greedy) waits at self-check 4
18.516 84 done serving by self-check 4
18.516 88 serves by self-check 4
18.584 124 arrives
18.584 124 waits at self-check 4
18.665 125 arrives
18.665 125 leaves
18.697 63 done serving by server 3
18.733 87(greedy) done serving by self-check 5
18.733 89 serves by self-check 5
18.734 48 serves by server 2
18.797 126(greedy) arrives
18.797 126(greedy) waits at server 2
18.802 88 done serving by self-check 4
18.802 90 serves by self-check 4
18.867 127(greedy) arrives
18.867 127(greedy) waits at self-check 4
18.898 128 arrives
18.898 128 waits at self-check 4
19.020 129 arrives
19.020 129 leaves
19.172 130(greedy) arrives
19.172 130(greedy) leaves
19.230 131 arrives
19.230 131 leaves
19.364 132 arrives
19.364 132 leaves
19.420 133 arrives
19.420 133 leaves
19.448 134(greedy) arrives
19.448 134(greedy) leaves
19.537 48 done serving by server 2
19.697 135(greedy) arrives
19.697 135(greedy) leaves
19.698 136(greedy) arrives
19.698 136(greedy) leaves
19.728 90 done serving by self-check 4
19.728 91 serves by self-check 4
19.734 32 done serving by server 1
19.924 137(greedy) arrives
19.924 137(greedy) waits at self-check 4
20.085 138(greedy) arrives
20.085 138(greedy) leaves
20.294 65 serves by server 3
20.304 139(greedy) arrives
20.304 139(greedy) waits at server 3
20.587 89 done serving by self-check 5
20.587 93(greedy) serves by self-check 5
20.703 93(greedy) done serving by self-check 5
20.703 109(greedy) serves by self-check 5
20.822 109(greedy) done serving by self-check 5
20.822 110(greedy) serves by self-check 5
20.901 140 arrives
20.901 140 waits at self-check 4
20.951 141 arrives
20.951 141 waits at self-check 4
21.117 142 arrives
21.117 142 waits at self-check 4
21.378 35 serves by server 1
21.487 143 arrives
21.487 143 waits at server 1
21.614 144(greedy) arrives
21.614 144(greedy) leaves
21.630 91 done serving by self-check 4
21.630 112(greedy) serves by self-check 4
21.670 112(greedy) done serving by self-check 4
21.670 121(greedy) serves by self-check 4
21.676 35 done serving by server 1
21.813 145(greedy) arrives
21.813 145(greedy) waits at self-check 4
22.094 110(greedy) done serving by self-check 5
22.094 123(greedy) serves by self-check 5
22.115 146 arrives
22.115 146 waits at self-check 4
22.213 147(greedy) arrives
22.213 147(greedy) waits at self-check 4
22.306 148(greedy) arrives
22.306 148(greedy) leaves
22.452 123(greedy) done serving by self-check 5
22.452 124 serves by self-check 5
22.627 124 done serving by self-check 5
22.627 127(greedy) serves by self-check 5
22.762 127(greedy) done serving by self-check 5
22.762 128 serves by self-check 5
22.896 149(greedy) arrives
22.896 149(greedy) waits at self-check 4
22.915 50 serves by server 2
22.978 150(greedy) arrives
22.978 150(greedy) waits at self-check 4
23.020 151(greedy) arrives
23.020 151(greedy) waits at server 2
23.135 37 serves by server 1
23.219 152(greedy) arrives
23.219 152(greedy) waits at server 1
23.245 37 done serving by server 1
23.257 128 done serving by self-check 5
23.257 137(greedy) serves by self-check 5
23.320 153(greedy) arrives
23.320 153(greedy) waits at self-check 4
23.415 121(greedy) done serving by self-check 4
23.415 140 serves by self-check 4
23.439 154(greedy) arrives
23.439 154(greedy) waits at self-check 4
23.739 155 arrives
23.739 155 waits at self-check 4
23.833 156(greedy) arrives
23.833 156(greedy) leaves
24.049 157(greedy) arrives
24.049 157(greedy) leaves
24.330 158 arrives
24.330 158 leaves
24.386 159 arrives
24.386 159 leaves
24.427 160(greedy) arrives
24.427 160(greedy) leaves
24.789 161 arrives
24.789 161 leaves
24.856 162(greedy) arrives
24.856 162(greedy) leaves
25.009 163(greedy) arrives
25.009 163(greedy) leaves
25.050 164 arrives
25.050 164 leaves
25.162 165 arrives
25.162 165 leaves
25.223 137(greedy) done serving by self-check 5
25.223 141 serves by self-check 5
25.227 65 done serving by server 3
25.482 166 arrives
25.482 166 waits at self-check 4
25.584 167(greedy) arrives
25.584 167(greedy) leaves
25.606 66 serves by server 3
25.643 50 done serving by server 2
26.022 141 done serving by self-check 5
26.022 142 serves by self-check 5
26.182 51 serves by server 2
26.424 168 arrives
26.424 168 waits at server 2
26.503 44 serves by server 1
26.953 51 done serving by server 2
27.135 53 serves by server 2
27.178 169 arrives
27.178 169 waits at server 1
27.261 66 done serving by server 3
27.546 44 done serving by server 1
27.700 170 arrives
27.700 170 waits at server 2
27.743 70 serves by server 3
27.975 45 serves by server 1
28.585 70 done serving by server 3
28.831 171 arrives
28.831 171 waits at server 1
28.940 172(greedy) arrives
28.940 172(greedy) waits at server 3
28.981 173 arrives
28.981 173 waits at server 3
28.991 174 arrives
28.991 174 waits at self-check 4
29.256 175(greedy) arrives
29.256 175(greedy) leaves
29.389 176(greedy) arrives
29.389 176(greedy) leaves
29.722 177 arrives
29.722 177 leaves
29.881 75 serves by server 3
29.921 142 done serving by self-check 5
29.921 145(greedy) serves by self-check 5
29.989 178 arrives
29.989 178 waits at server 3
30.004 45 done serving by server 1
30.090 179 arrives
30.090 179 waits at self-check 4
30.106 180(greedy) arrives
30.106 180(greedy) leaves
30.184 75 done serving by server 3
30.185 78 serves by server 3
30.253 145(greedy) done serving by self-check 5
30.253 146 serves by self-check 5
30.356 55 serves by server 1
30.723 181(greedy) arrives
30.723 181(greedy) waits at server 1
30.735 140 done serving by self-check 4
30.735 147(greedy) serves by self-check 4
30.797 147(greedy) done serving by self-check 4
30.797 149(greedy) serves by self-check 4
30.830 149(greedy) done serving by self-check 4
30.830 150(greedy) serves by self-check 4
30.859 182 arrives
30.859 182 waits at server 3
30.936 78 done serving by server 3
31.031 183(greedy) arrives
31.031 183(greedy) waits at self-check 4
31.155 184(greedy) arrives
31.155 184(greedy) waits at self-check 4
31.162 185 arrives
31.162 185 waits at self-check 4
31.262 186(greedy) arrives
31.262 186(greedy) waits at self-check 4
31.267 55 done serving by server 1
31.429 53 done serving by server 2
31.580 146 done serving by self-check 5
31.580 153(greedy) serves by self-check 5
31.583 54 serves by server 2
31.679 79 serves by server 3
31.726 187 arrives
31.726 187 waits at server 2
31.758 188 arrives
31.758 188 waits at server 3
31.801 54 done serving by server 2
31.898 189 arrives
31.898 189 waits at self-check 4
31.908 79 done serving by server 3
31.973 153(greedy) done serving by self-check 5
31.973 154(greedy) serves by self-check 5
32.087 190 arrives
32.087 190 waits at self-check 4
32.089 191(greedy) arrives
32.089 191(greedy) leaves
32.135 192 arrives
32.135 192 leaves
32.197 193 arrives
32.197 193 leaves
32.204 194(greedy) arrives
32.204 194(greedy) leaves
32.285 195(greedy) arrives
32.285 195(greedy) leaves
32.374 154(greedy) done serving by self-check 5
32.374 155 serves by self-check 5
32.380 58 serves by server 2
32.552 196 arrives
32.552 196 waits at server 2
32.582 197 arrives
32.582 197 waits at self-check 4
32.593 155 done serving by self-check 5
32.593 166 serves by self-check 5
32.614 92 serves by server 3
32.935 92 done serving by server 3
32.953 198(greedy) arrives
32.953 198(greedy) waits at server 3
33.074 199 arrives
33.074 199 waits at self-check 4
33.113 106(greedy) serves by server 3
33.130 200(greedy) arrives
33.130 200(greedy) waits at server 3
33.276 201(greedy) arrives
33.276 201(greedy) leaves
33.627 202(greedy) arrives
33.627 202(greedy) leaves
33.629 203 arrives
33.629 203 leaves
33.657 68 serves by server 1
33.677 166 done serving by self-check 5
33.677 174 serves by self-check 5
33.772 150(greedy) done serving by self-check 4
33.772 179 serves by self-check 4
33.897 204(greedy) arrives
33.897 204(greedy) waits at self-check 4
33.996 58 done serving by server 2
34.060 205 arrives
34.060 205 waits at server 1
34.150 106(greedy) done serving by server 3
34.462 68 done serving by server 1
34.535 206 arrives
34.535 206 waits at self-check 4
34.637 207 arrives
34.637 207 leaves
34.667 208 arrives
34.667 208 leaves
34.899 209(greedy) arrives
34.899 209(greedy) leaves
34.925 210(greedy) arrives
34.925 210(greedy) leaves
34.986 211(greedy) arrives
34.986 211(greedy) leaves
35.052 179 done serving by self-check 4
35.052 183(greedy) serves by self-check 4
35.175 212(greedy) arrives
35.175 212(greedy) waits at self-check 4
35.493 183(greedy) done serving by self-check 4
35.493 184(greedy) serves by self-check 4
35.548 213 arrives
35.548 213 waits at self-check 4
35.695 60 serves by server 2
35.792 184(greedy) done serving by self-check 4
35.792 185 serves by self-check 4
35.796 185 done serving by self-check 4
35.796 186(greedy) serves by self-check 4
35.874 214(greedy) arrives
35.874 214(greedy) waits at self-check 4
35.881 215 arrives
35.881 215 waits at server 2
35.901 216(greedy) arrives
35.901 216(greedy) waits at self-check 4
35.919 217(greedy) arrives
35.919 217(greedy) leaves
36.113 218 arrives
36.113 218 leaves
36.153 77 serves by server 1
36.319 219(greedy) arrives
36.319 219(greedy) waits at server 1
36.434 174 done serving by self-check 5
36.434 189 serves by self-check 5
36.435 77 done serving by server 1
36.493 189 done serving by self-check 5
36.493 190 serves by self-check 5
36.545 186(greedy) done serving by self-check 4
36.545 197 serves by self-check 4
36.555 99 serves by server 1
36.581 190 done serving by self-check 5
36.581 199 serves by self-check 5
36.733 220 arrives
36.733 220 waits at server 1
36.874 99 done serving by server 1
36.889 221 arrives
36.889 221 waits at self-check 4
36.923 222(greedy) arrives
36.923 222(greedy) waits at self-check 4
36.952 223 arrives
36.952 223 waits at self-check 4
37.066 224(greedy) arrives
37.066 224(greedy) waits at self-check 4
37.137 199 done serving by self-check 5
37.137 204(greedy) serves by self-check 5
37.275 197 done serving by self-check 4
37.275 206 serves by self-check 4
37.314 206 done serving by self-check 4
37.314 212(greedy) serves by self-check 4
37.380 225 arrives
37.380 225 waits at self-check 4
37.476 226 arrives
37.476 226 waits at self-check 4
37.606 227 arrives
37.606 227 waits at self-check 4
37.627 228 arrives
37.627 228 leaves
37.679 60 done serving by server 2
37.714 115(greedy) serves by server 3
37.737 61 serves by server 2
37.759 61 done serving by server 2
37.926 204(greedy) done serving by self-check 5
37.926 213 serves by self-check 5
38.071 115(greedy) done serving by server 3
38.089 229(greedy) arrives
38.089 229(greedy) waits at server 2
38.089 230(greedy) arrives
38.089 230(greedy) waits at server 3
38.269 231 arrives
38.269 231 waits at self-check 4
38.304 74 serves by server 2
38.441 232(greedy) arrives
38.441 232(greedy) waits at server 2
38.497 233 arrives
38.497 233 leaves
38.712 111 serves by server 1
38.808 234 arrives
38.808 234 waits at server 1
38.811 235 arrives
38.811 235 leaves
38.869 236 arrives
38.869 236 leaves
38.983 213 done serving by self-check 5
38.983 214(greedy) serves by self-check 5
39.039 237 arrives
39.039 237 waits at self-check 4
39.067 212(greedy) done serving by self-check 4
39.067 216(greedy) serves by self-check 4
39.138 111 done serving by server 1
39.270 238 arrives
39.270 238 waits at self-check 4
39.646 239(greedy) arrives
39.646 239(greedy) leaves
39.665 240 arrives
39.665 240 leaves
39.693 120(greedy) serves by server 1
39.709 241(greedy) arrives
39.709 241(greedy) waits at server 1
39.849 216(greedy) done serving by self-check 4
39.849 221 serves by self-check 4
39.901 120(greedy) done serving by server 1
39.955 242 arrives
39.955 242 waits at self-check 4
40.067 243 arrives
40.067 243 leaves
40.122 244 arrives
40.122 244 leaves
40.122 214(greedy) done serving by self-check 5
40.122 222(greedy) serves by self-check 5
40.272 245(greedy) arrives
40.272 245(greedy) waits at self-check 4
40.347 246(greedy) arrives
40.347 246(greedy) leaves
40.605 247 arrives
40.605 247 leaves
40.658 248(greedy) arrives
40.658 248(greedy) leaves
40.688 249(greedy) arrives
40.688 249(greedy) leaves
40.889 250 arrives
40.889 250 leaves
41.193 221 done serving by self-check 4
41.193 223 serves by self-check 4
41.273 251 arrives
41.273 251 waits at self-check 4
41.362 252 arrives
41.362 252 leaves
41.458 253 arrives
41.458 253 leaves
41.515 74 done serving by server 2
41.755 254(greedy) arrives
41.755 254(greedy) leaves
41.768 103 serves by server 2
41.932 255(greedy) arrives
41.932 255(greedy) waits at server 2
42.011 256(greedy) arrives
42.011 256(greedy) leaves
42.177 257(greedy) arrives
42.177 257(greedy) leaves
42.212 258(greedy) arrives
42.212 258(greedy) leaves
42.247 259 arrives
42.247 259 leaves
42.332 103 done serving by server 2
42.715 260(greedy) arrives
42.715 260(greedy) leaves
42.787 223 done serving by self-check 4
42.787 224(greedy) serves by self-check 4
42.863 261(greedy) arrives
42.863 261(greedy) waits at self-check 4
42.918 122(greedy) serves by server 3
42.949 262(greedy) arrives
42.949 262(greedy) waits at server 3
43.013 263(greedy) arrives
43.013 263(greedy) leaves
43.042 264(greedy) arrives
43.042 264(greedy) leaves
43.074 265(greedy) arrives
43.074 265(greedy) leaves
43.128 224(greedy) done serving by self-check 4
43.128 225 serves by self-check 4
43.154 266 arrives
43.154 266 waits at self-check 4
43.162 267 arrives
43.162 267 leaves
43.174 268(greedy) arrives
43.174 268(greedy) leaves
43.422 222(greedy) done serving by self-check 5
43.422 226 serves by self-check 5
43.489 269(greedy) arrives
43.489 269(greedy) waits at self-check 4
43.495 225 done serving by self-check 4
43.495 227 serves by self-check 4
43.528 270 arrives
43.528 270 waits at self-check 4
43.551 126(greedy) serves by server 2
43.601 271 arrives
43.601 271 waits at server 2
43.622 272(greedy) arrives
43.622 272(greedy) leaves
43.832 227 done serving by self-check 4
43.832 231 serves by self-check 4
43.861 273 arrives
43.861 273 waits at self-check 4
43.953 274(greedy) arrives
43.953 274(greedy) leaves
44.093 275 arrives
44.093 275 leaves
44.179 226 done serving by self-check 5
44.179 237 serves by self-check 5
44.354 231 done serving by self-check 4
44.354 238 serves by self-check 4
44.448 276 arrives
44.448 276 waits at self-check 4
44.469 277(greedy) arrives
44.469 277(greedy) waits at self-check 4
44.655 278 arrives
44.655 278 leaves
44.733 279 arrives
44.733 279 leaves
44.973 237 done serving by self-check 5
44.973 242 serves by self-check 5
45.016 122(greedy) done serving by server 3
45.037 143 serves by server 1
45.196 280(greedy) arrives
45.196 280(greedy) waits at server 1
45.259 281(greedy) arrives
45.259 281(greedy) waits at self-check 4
45.322 282(greedy) arrives
45.322 282(greedy) leaves
45.457 139(greedy) serves by server 3
45.538 283 arrives
45.538 283 waits at server 3
45.544 238 done serving by self-check 4
45.544 245(greedy) serves by self-check 4
45.635 245(greedy) done serving by self-check 4
45.635 251 serves by self-check 4
45.694 126(greedy) done serving by server 2
45.825 151(greedy) serves by server 2
45.832 284(greedy) arrives
45.832 284(greedy) waits at self-check 4
46.005 285(greedy) arrives
46.005 285(greedy) waits at server 2
46.133 286 arrives
46.133 286 waits at self-check 4
46.356 242 done serving by self-check 5
46.356 261(greedy) serves by self-check 5
46.390 287 arrives
46.390 287 waits at self-check 4
46.492 288 arrives
46.492 288 leaves
46.513 289(greedy) arrives
46.513 289(greedy) leaves
46.575 261(greedy) done serving by self-check 5
46.575 266 serves by self-check 5
46.672 151(greedy) done serving by server 2
46.704 251 done serving by self-check 4
46.704 269(greedy) serves by self-check 4
46.818 290(greedy) arrives
46.818 290(greedy) waits at self-check 4
46.845 291(greedy) arrives
46.845 291(greedy) waits at self-check 4
46.873 266 done serving by self-check 5
46.873 270 serves by self-check 5
46.919 139(greedy) done serving by server 3
46.997 292 arrives
46.997 292 waits at self-check 4
47.008 143 done serving by server 1
47.020 293(greedy) arrives
47.020 293(greedy) leaves
47.082 294(greedy) arrives
47.082 294(greedy) leaves
47.112 269(greedy) done serving by self-check 4
47.112 273 serves by self-check 4
47.192 168 serves by server 2
47.328 295(greedy) arrives
47.328 295(greedy) waits at server 2
47.393 273 done serving by self-check 4
47.393 276 serves by self-check 4
47.538 296 arrives
47.538 296 waits at self-check 4
47.540 297(greedy) arrives
47.540 297(greedy) waits at self-check 4
47.549 276 done serving by self-check 4
47.549 277(greedy) serves by self-check 4
47.553 298(greedy) arrives
47.553 298(greedy) waits at self-check 4
47.596 270 done serving by self-check 5
47.596 281(greedy) serves by self-check 5
47.683 299(greedy) arrives
47.683 299(greedy) waits at self-check 4
47.830 300 arrives
47.830 300 leaves
47.889 301(greedy) arrives
47.889 301(greedy) leaves
48.038 281(greedy) done serving by self-check 5
48.038 284(greedy) serves by self-check 5
48.070 302 arrives
48.070 302 waits at self-check 4
48.186 172(greedy) serves by server 3
48.204 303(greedy) arrives
48.204 303(greedy) waits at server 3
48.298 284(greedy) done serving by self-check 5
48.298 286 serves by self-check 5
48.545 286 done serving by self-check 5
48.545 287 serves by self-check 5
48.679 304(greedy) arrives
48.679 304(greedy) waits at self-check 4
48.830 305 arrives
48.830 305 waits at self-check 4
49.054 306 arrives
49.054 306 leaves
49.073 287 done serving by self-check 5
49.073 290(greedy) serves by self-check 5
49.222 307 arrives
49.222 307 waits at self-check 4
49.329 172(greedy) done serving by server 3
49.622 308(greedy) arrives
49.622 308(greedy) leaves
49.692 277(greedy) done serving by self-check 4
49.692 291(greedy) serves by self-check 4
49.698 309 arrives
49.698 309 waits at self-check 4
49.884 290(greedy) done serving by self-check 5
49.884 292 serves by self-check 5
49.955 168 done serving by server 2
50.014 310(greedy) arrives
50.014 310(greedy) waits at self-check 4
50.020 311(greedy) arrives
50.020 311(greedy) leaves
50.082 312 arrives
50.082 312 leaves
50.114 313 arrives
50.114 313 leaves
50.206 314(greedy) arrives
50.206 314(greedy) leaves
50.216 170 serves by server 2
50.427 173 serves by server 3
50.430 315 arrives
50.430 315 waits at server 2
50.493 316(greedy) arrives
50.493 316(greedy) waits at server 3
50.591 292 done serving by self-check 5
50.591 296 serves by self-check 5
50.709 317(greedy) arrives
50.709 317(greedy) waits at self-check 4
51.215 152(greedy) serves by server 1
51.299 318(greedy) arrives
51.299 318(greedy) waits at server 1
51.321 319 arrives
51.321 319 leaves
51.362 291(greedy) done serving by self-check 4
51.362 297(greedy) serves by self-check 4
51.460 320(greedy) arrives
51.460 320(greedy) waits at self-check 4
51.623 321 arrives
51.623 321 leaves
51.702 322(greedy) arrives
51.702 322(greedy) leaves
51.836 323 arrives
51.836 323 leaves
51.870 324(greedy) arrives
51.870 324(greedy) leaves
51.920 325 arrives
51.920 325 leaves
51.993 326 arrives
51.993 326 leaves
52.027 327(greedy) arrives
52.027 327(greedy) leaves
52.160 173 done serving by server 3
52.189 178 serves by server 3
52.259 328 arrives
52.259 328 waits at server 3
52.309 152(greedy) done serving by server 1
52.533 329 arrives
52.533 329 leaves
52.535 330(greedy) arrives
52.535 330(greedy) leaves
52.609 178 done serving by server 3
52.876 296 done serving by self-check 5
52.876 298(greedy) serves by self-check 5
52.971 331 arrives
52.971 331 waits at self-check 4
53.132 297(greedy) done serving by self-check 4
53.132 299(greedy) serves by self-check 4
53.145 332 arrives
53.145 332 waits at self-check 4
53.202 333(greedy) arrives
53.202 333(greedy) leaves
53.454 334(greedy) arrives
53.454 334(greedy) leaves
53.508 298(greedy) done serving by self-check 5
53.508 302 serves by self-check 5
53.548 335 arrives
53.548 335 waits at self-check 4
53.572 336(greedy) arrives
53.572 336(greedy) leaves
53.638 337 arrives
53.638 337 leaves
53.733 338 arrives
53.733 338 leaves
53.917 339(greedy) arrives
53.917 339(greedy) leaves
53.947 340(greedy) arrives
53.947 340(greedy) leaves
53.990 341(greedy) arrives
53.990 341(greedy) leaves
54.017 342(greedy) arrives
54.017 342(greedy) leaves
54.049 302 done serving by self-check 5
54.049 304(greedy) serves by self-check 5
54.098 170 done serving by server 2
54.147 343 arrives
54.147 343 waits at self-check 4
54.223 344(greedy) arrives
54.223 344(greedy) leaves
54.279 187 serves by server 2
54.312 345 arrives
54.312 345 waits at server 2
54.441 346(greedy) arrives
54.441 346(greedy) leaves
54.489 299(greedy) done serving by self-check 4
54.489 305 serves by self-check 4
54.754 347 arrives
54.754 347 waits at self-check 4
54.871 305 done serving by self-check 4
54.871 307 serves by self-check 4
54.902 348 arrives
54.902 348 waits at self-check 4
54.984 169 serves by server 1
55.072 349(greedy) arrives
55.072 349(greedy) waits at server 1
55.102 182 serves by server 3
55.125 304(greedy) done serving by self-check 5
55.125 309 serves by self-check 5
55.206 350 arrives
55.206 350 waits at server 3
55.249 309 done serving by self-check 5
55.249 310(greedy) serves by self-check 5
55.258 351 arrives
55.258 351 waits at self-check 4
55.344 352 arrives
55.344 352 waits at self-check 4
55.368 187 done serving by server 2
55.380 196 serves by server 2
55.419 353 arrives
55.419 353 waits at server 2
55.423 354(greedy) arrives
55.423 354(greedy) leaves
55.441 355 arrives
55.441 355 leaves
55.471 356 arrives
55.471 356 leaves
55.548 357(greedy) arrives
55.548 357(greedy) leaves
55.670 358(greedy) arrives
55.670 358(greedy) leaves
55.684 359(greedy) arrives
55.684 359(greedy) leaves
55.695 360(greedy) arrives
55.695 360(greedy) leaves
55.698 182 done serving by server 3
55.863 361(greedy) arrives
55.863 361(greedy) leaves
55.925 362(greedy) arrives
55.925 362(greedy) leaves
55.955 188 serves by server 3
55.998 363 arrives
55.998 363 waits at server 3
56.003 307 done serving by self-check 4
56.003 317(greedy) serves by self-check 4
56.063 364(greedy) arrives
56.063 364(greedy) waits at self-check 4
56.344 365(greedy) arrives
56.344 365(greedy) leaves
56.406 366 arrives
56.406 366 leaves
56.620 367 arrives
56.620 367 leaves
56.771 368 arrives
56.771 368 leaves
56.844 369 arrives
56.844 369 leaves
56.859 370 arrives
56.859 370 leaves
57.019 371(greedy) arrives
57.019 371(greedy) leaves
57.165 372 arrives
57.165 372 leaves
57.303 373(greedy) arrives
57.303 373(greedy) leaves
57.432 374(greedy) arrives
57.432 374(greedy) leaves
57.461 375(greedy) arrives
57.461 375(greedy) leaves
57.468 317(greedy) done serving by self-check 4
57.468 320(greedy) serves by self-check 4
57.671 376(greedy) arrives
57.671 376(greedy) waits at self-check 4
57.747 377(greedy) arrives
57.747 377(greedy) leaves
57.750 378 arrives
57.750 378 leaves
57.829 379(greedy) arrives
57.829 379(greedy) leaves
57.844 188 done serving by server 3
57.869 380 arrives
57.869 380 leaves
57.916 381(greedy) arrives
57.916 381(greedy) leaves
58.071 169 done serving by server 1
58.210 310(greedy) done serving by self-check 5
58.210 331 serves by self-check 5
58.293 382(greedy) arrives
58.293 382(greedy) waits at self-check 4
58.364 320(greedy) done serving by self-check 4
58.364 332 serves by self-check 4
58.398 383(greedy) arrives
58.398 383(greedy) waits at self-check 4
58.400 384 arrives
58.400 384 leaves
58.475 385 arrives
58.475 385 leaves
58.660 386(greedy) arrives
58.660 386(greedy) leaves
58.731 332 done serving by self-check 4
58.731 335 serves by self-check 4
58.837 387(greedy) arrives
58.837 387(greedy) waits at self-check 4
58.900 388 arrives
58.900 388 leaves
59.035 389 arrives
59.035 389 leaves
59.136 390 arrives
59.136 390 leaves
59.502 198(greedy) serves by server 3
59.504 391(greedy) arrives
59.504 391(greedy) waits at server 3
59.676 392(greedy) arrives
59.676 392(greedy) leaves
59.829 393(greedy) arrives
59.829 393(greedy) leaves
59.883 394(greedy) arrives
59.883 394(greedy) leaves
59.891 395 arrives
59.891 395 leaves
59.930 331 done serving by self-check 5
59.930 343 serves by self-check 5
59.936 396 arrives
59.936 396 waits at self-check 4
60.228 343 done serving by self-check 5
60.228 347 serves by self-check 5
60.229 397 arrives
60.229 397 waits at self-check 4
60.245 398(greedy) arrives
60.245 398(greedy) leaves
60.330 399(greedy) arrives
60.330 399(greedy) leaves
60.345 400 arrives
60.345 400 leaves
60.372 335 done serving by self-check 4
60.372 348 serves by self-check 4
60.382 401 arrives
60.382 401 waits at self-check 4
60.471 198(greedy) done serving by server 3
60.499 402(greedy) arrives
60.499 402(greedy) leaves
60.543 403(greedy) arrives
60.543 403(greedy) leaves
61.055 404(greedy) arrives
61.055 404(greedy) leaves
61.262 405(greedy) arrives
61.262 405(greedy) leaves
61.292 406 arrives
61.292 406 leaves
61.324 348 done serving by self-check 4
61.324 351 serves by self-check 4
61.364 407(greedy) arrives
61.364 407(greedy) waits at self-check 4
61.449 408 arrives
61.449 408 leaves
61.453 409(greedy) arrives
61.453 409(greedy) leaves
61.567 347 done serving by self-check 5
61.567 352 serves by self-check 5
61.656 171 serves by server 1
61.721 410 arrives
61.721 410 waits at server 1
62.072 351 done serving by self-check 4
62.072 364(greedy) serves by self-check 4
62.139 411 arrives
62.139 411 waits at self-check 4
62.160 352 done serving by self-check 5
62.160 376(greedy) serves by self-check 5
62.210 412(greedy) arrives
62.210 412(greedy) waits at self-check 4
62.269 413 arrives
62.269 413 waits at self-check 4
62.270 414(greedy) arrives
62.270 414(greedy) leaves
62.474 415 arrives
62.474 415 leaves
62.733 416 arrives
62.733 416 leaves
62.783 376(greedy) done serving by self-check 5
62.783 382(greedy) serves by self-check 5
62.969 417(greedy) arrives
62.969 417(greedy) waits at self-check 4
63.132 196 done serving by server 2
63.258 200(greedy) serves by server 3
63.282 200(greedy) done serving by server 3
63.308 418 arrives
63.308 418 waits at server 3
63.398 419(greedy) arrives
63.398 419(greedy) leaves
63.417 420(greedy) arrives
63.417 420(greedy) leaves
63.493 230(greedy) serves by server 3
63.581 171 done serving by server 1
63.665 421(greedy) arrives
63.665 421(greedy) waits at server 3
63.805 422(greedy) arrives
63.805 422(greedy) leaves
63.835 423 arrives
63.835 423 leaves
64.038 424 arrives
64.038 424 leaves
64.044 425(greedy) arrives
64.044 425(greedy) leaves
64.053 426(greedy) arrives
64.053 426(greedy) leaves
64.162 427 arrives
64.162 427 leaves
64.239 428(greedy) arrives
64.239 428(greedy) leaves
64.280 429 arrives
64.280 429 leaves
64.381 430 arrives
64.381 430 leaves
64.572 431 arrives
64.572 431 leaves
64.733 364(greedy) done serving by self-check 4
64.733 383(greedy) serves by self-check 4
64.826 230(greedy) done serving by server 3
64.887 432 arrives
64.887 432 waits at self-check 4
64.950 433(greedy) arrives
64.950 433(greedy) leaves
65.040 262(greedy) serves by server 3
65.042 434 arrives
65.042 434 waits at server 3
65.160 262(greedy) done serving by server 3
65.161 435 arrives
65.161 435 leaves
65.323 215 serves by server 2
65.381 181(greedy) serves by server 1
65.387 181(greedy) done serving by server 1
65.421 436 arrives
65.421 436 waits at server 1
65.431 283 serves by server 3
65.431 215 done serving by server 2
65.464 437 arrives
65.464 437 waits at server 2
65.466 438(greedy) arrives
65.466 438(greedy) waits at server 3
65.527 439 arrives
65.527 439 leaves
65.571 205 serves by server 1
65.601 440 arrives
65.601 440 waits at server 1
65.902 441(greedy) arrives
65.902 441(greedy) leaves
66.070 442(greedy) arrives
66.070 442(greedy) leaves
66.107 205 done serving by server 1
66.246 443 arrives
66.246 443 leaves
66.450 229(greedy) serves by server 2
66.453 444(greedy) arrives
66.453 444(greedy) waits at server 2
66.556 445(greedy) arrives
66.556 445(greedy) leaves
67.023 446(greedy) arrives
67.023 446(greedy) leaves
67.030 283 done serving by server 3
67.222 447 arrives
67.222 447 leaves
67.225 229(greedy) done serving by server 2
67.534 448 arrives
67.534 448 leaves
67.686 449(greedy) arrives
67.686 449(greedy) leaves
67.764 450(greedy) arrives
67.764 450(greedy) leaves
67.768 451(greedy) arrives
67.768 451(greedy) leaves
67.919 452 arrives
67.919 452 leaves
68.067 453(greedy) arrives
68.067 453(greedy) leaves
68.076 454 arrives
68.076 454 leaves
68.132 455 arrives
68.132 455 leaves
68.229 219(greedy) serves by server 1
68.281 456(greedy) arrives
68.281 456(greedy) waits at server 1
68.295 457 arrives
68.295 457 leaves
68.340 303(greedy) serves by server 3
68.343 458(greedy) arrives
68.343 458(greedy) waits at server 3
68.392 459 arrives
68.392 459 leaves
68.453 382(greedy) done serving by self-check 5
68.453 387(greedy) serves by self-check 5
68.611 460 arrives
68.611 460 waits at self-check 4
68.729 461 arrives
68.729 461 leaves
68.835 387(greedy) done serving by self-check 5
68.835 396 serves by self-check 5
69.085 462 arrives
69.085 462 waits at self-check 4
69.089 463 arrives
69.089 463 leaves
69.147 232(greedy) serves by server 2
69.399 219(greedy) done serving by server 1
69.445 396 done serving by self-check 5
69.445 397 serves by self-check 5
69.482 220 serves by server 1
69.516 220 done serving by server 1
69.644 397 done serving by self-check 5
69.644 401 serves by self-check 5
69.704 464(greedy) arrives
69.704 464(greedy) waits at self-check 4
69.706 465(greedy) arrives
69.706 465(greedy) waits at server 1
69.732 466 arrives
69.732 466 waits at server 2
69.788 467 arrives
69.788 467 waits at self-check 4
70.095 232(greedy) done serving by server 2
70.130 468 arrives
70.130 468 leaves
70.142 234 serves by server 1
70.187 401 done serving by self-check 5
70.187 407(greedy) serves by self-check 5
70.240 303(greedy) done serving by server 3
70.266 469(greedy) arrives
70.266 469(greedy) waits at server 1
70.624 470 arrives
70.624 470 waits at self-check 4
70.712 471(greedy) arrives
70.712 471(greedy) leaves
70.750 407(greedy) done serving by self-check 5
70.750 411 serves by self-check 5
70.842 411 done serving by self-check 5
70.842 412(greedy) serves by self-check 5
70.920 472 arrives
70.920 472 waits at self-check 4
70.947 255(greedy) serves by server 2
70.994 255(greedy) done serving by server 2
71.037 234 done serving by server 1
71.050 316(greedy) serves by server 3
71.078 412(greedy) done serving by self-check 5
71.078 413 serves by self-check 5
71.123 473(greedy) arrives
71.123 473(greedy) waits at self-check 4
71.153 474(greedy) arrives
71.153 474(greedy) waits at server 2
71.162 413 done serving by self-check 5
71.162 417(greedy) serves by self-check 5
71.179 383(greedy) done serving by self-check 4
71.179 432 serves by self-check 4
71.303 316(greedy) done serving by server 3
71.313 417(greedy) done serving by self-check 5
71.313 460 serves by self-check 5
71.334 328 serves by server 3
71.508 475 arrives
71.508 475 waits at server 3
71.568 241(greedy) serves by server 1
71.669 271 serves by server 2
71.770 241(greedy) done serving by server 1
71.916 280(greedy) serves by server 1
71.983 476 arrives
71.983 476 waits at server 1
72.304 280(greedy) done serving by server 1
72.340 432 done serving by self-check 4
72.340 462 serves by self-check 4
72.343 477(greedy) arrives
72.343 477(greedy) waits at self-check 4
72.369 478 arrives
72.369 478 waits at server 1
72.401 318(greedy) serves by server 1
72.428 271 done serving by server 2
72.534 479(greedy) arrives
72.534 479(greedy) waits at self-check 4
72.579 480(greedy) arrives
72.579 480(greedy) waits at self-check 4
72.671 481 arrives
72.671 481 waits at server 1
72.774 482 arrives
72.774 482 waits at server 2
72.977 483(greedy) arrives
72.977 483(greedy) waits at self-check 4
73.019 285(greedy) serves by server 2
73.019 460 done serving by self-check 5
73.019 464(greedy) serves by self-check 5
73.213 484 arrives
73.213 484 waits at server 2
73.445 318(greedy) done serving by server 1
73.476 349(greedy) serves by server 1
73.496 485 arrives
73.496 485 waits at server 1
73.540 486(greedy) arrives
73.540 486(greedy) waits at self-check 4
73.611 487 arrives
73.611 487 waits at server 3
73.645 488(greedy) arrives
73.645 488(greedy) waits at self-check 4
73.676 464(greedy) done serving by self-check 5
73.676 467 serves by self-check 5
73.739 285(greedy) done serving by server 2
73.741 467 done serving by self-check 5
73.741 470 serves by self-check 5
73.751 489 arrives
73.751 489 waits at self-check 4
73.884 462 done serving by self-check 4
73.884 472 serves by self-check 4
73.886 490(greedy) arrives
73.886 490(greedy) waits at self-check 4
73.915 472 done serving by self-check 4
73.915 473(greedy) serves by self-check 4
74.035 470 done serving by self-check 5
74.035 477(greedy) serves by self-check 5
74.086 349(greedy) done serving by server 1
74.103 491 arrives
74.103 491 waits at self-check 4
74.255 492(greedy) arrives
74.255 492(greedy) waits at self-check 4
74.367 493 arrives
74.367 493 waits at self-check 4
74.544 494(greedy) arrives
74.544 494(greedy) leaves
74.630 495 arrives
74.630 495 leaves
74.725 496(greedy) arrives
74.725 496(greedy) leaves
74.733 477(greedy) done serving by self-check 5
74.733 479(greedy) serves by self-check 5
74.812 473(greedy) done serving by self-check 4
74.812 480(greedy) serves by self-check 4
74.823 295(greedy) serves by server 2
74.861 497(greedy) arrives
74.861 497(greedy) waits at self-check 4
74.959 498 arrives
74.959 498 waits at server 2
74.960 499 arrives
74.960 499 waits at self-check 4
75.108 500 arrives
75.108 500 leaves
75.127 479(greedy) done serving by self-check 5
75.127 483(greedy) serves by self-check 5
75.289 501(greedy) arrives
75.289 501(greedy) waits at self-check 4
75.298 502 arrives
75.298 502 leaves
75.301 503(greedy) arrives
75.301 503(greedy) leaves
75.333 410 serves by server 1
75.521 480(greedy) done serving by self-check 4
75.521 486(greedy) serves by self-check 4
75.550 504 arrives
75.550 504 waits at server 1
75.568 505 arrives
75.568 505 waits at self-check 4
75.601 506(greedy) arrives
75.601 506(greedy) leaves
75.661 410 done serving by server 1
75.729 436 serves by server 1
75.745 328 done serving by server 3
75.796 507 arrives
75.796 507 waits at server 1
75.982 508(greedy) arrives
75.982 508(greedy) leaves
76.076 509(greedy) arrives
76.076 509(greedy) leaves
76.106 510(greedy) arrives
76.106 510(greedy) leaves
76.283 511 arrives
76.283 511 leaves
76.429 512 arrives
76.429 512 leaves
76.459 350 serves by server 3
76.469 295(greedy) done serving by server 2
76.477 486(greedy) done serving by self-check 4
76.477 488(greedy) serves by self-check 4
76.566 513(greedy) arrives
76.566 513(greedy) waits at server 3
76.675 514(greedy) arrives
76.675 514(greedy) waits at self-check 4
76.699 488(greedy) done serving by self-check 4
76.699 489 serves by self-check 4
76.701 483(greedy) done serving by self-check 5
76.701 490(greedy) serves by self-check 5
76.709 490(greedy) done serving by self-check 5
76.709 491 serves by self-check 5
76.765 491 done serving by self-check 5
76.765 492(greedy) serves by self-check 5
76.845 515 arrives
76.845 515 waits at self-check 4
76.916 492(greedy) done serving by self-check 5
76.916 493 serves by self-check 5
76.961 493 done serving by self-check 5
76.961 497(greedy) serves by self-check 5
77.048 489 done serving by self-check 4
77.048 499 serves by self-check 4
77.066 516(greedy) arrives
77.066 516(greedy) waits at self-check 4
77.078 499 done serving by self-check 4
77.078 501(greedy) serves by self-check 4
77.271 517 arrives
77.271 517 waits at self-check 4
77.347 518 arrives
77.347 518 waits at self-check 4
77.435 519 arrives
77.435 519 waits at self-check 4
77.465 497(greedy) done serving by self-check 5
77.465 505 serves by self-check 5
77.580 520(greedy) arrives
77.580 520(greedy) waits at self-check 4
77.796 521(greedy) arrives
77.796 521(greedy) waits at self-check 4
77.862 505 done serving by self-check 5
77.862 514(greedy) serves by self-check 5
77.887 350 done serving by server 3
77.931 363 serves by server 3
77.953 522(greedy) arrives
77.953 522(greedy) waits at self-check 4
77.967 514(greedy) done serving by self-check 5
77.967 515 serves by self-check 5
78.011 523 arrives
78.011 523 waits at server 3
78.059 315 serves by server 2
78.189 524(greedy) arrives
78.189 524(greedy) waits at self-check 4
78.250 525 arrives
78.250 525 waits at server 2
78.265 526 arrives
78.265 526 waits at self-check 4
78.300 527 arrives
78.300 527 waits at self-check 4
78.574 315 done serving by server 2
78.660 528 arrives
78.660 528 leaves
78.899 345 serves by server 2
78.975 515 done serving by self-check 5
78.975 516(greedy) serves by self-check 5
79.124 363 done serving by server 3
79.124 529 arrives
79.124 529 waits at server 2
79.191 530(greedy) arrives
79.191 530(greedy) waits at self-check 4
79.342 531(greedy) arrives
79.342 531(greedy) leaves
79.437 436 done serving by server 1
79.599 532(greedy) arrives
79.599 532(greedy) leaves
79.601 533 arrives
79.601 533 leaves
79.625 534(greedy) arrives
79.625 534(greedy) leaves
79.711 535 arrives
79.711 535 leaves
79.776 345 done serving by server 2
79.824 353 serves by server 2
79.881 353 done serving by server 2
79.939 536 arrives
79.939 536 waits at server 2
79.964 537(greedy) arrives
79.964 537(greedy) leaves
80.128 437 serves by server 2
80.173 440 serves by server 1
80.234 538(greedy) arrives
80.234 538(greedy) waits at server 1
80.247 539(greedy) arrives
80.247 539(greedy) waits at server 2
80.571 540 arrives
80.571 540 leaves
80.582 541(greedy) arrives
80.582 541(greedy) leaves
80.688 542(greedy) arrives
80.688 542(greedy) leaves
80.709 543(greedy) arrives
80.709 543(greedy) leaves
80.723 437 done serving by server 2
80.790 544(greedy) arrives
80.790 544(greedy) leaves
80.790 391(greedy) serves by server 3
80.848 545(greedy) arrives
80.848 545(greedy) waits at server 3
80.898 546 arrives
80.898 546 leaves
80.940 547(greedy) arrives
80.940 547(greedy) leaves
81.048 548 arrives
81.048 548 leaves
81.078 549(greedy) arrives
81.078 549(greedy) leaves
81.185 550 arrives
81.185 550 leaves
81.303 444(greedy) serves by server 2
81.360 516(greedy) done serving by self-check 5
81.360 517 serves by self-check 5
81.422 551 arrives
81.422 551 waits at server 2
81.429 552(greedy) arrives
81.429 552(greedy) waits at self-check 4
81.441 553 arrives
81.441 553 leaves
81.458 444(greedy) done serving by server 2
81.821 501(greedy) done serving by self-check 4
81.821 518 serves by self-check 4
81.863 554 arrives
81.863 554 waits at self-check 4
81.876 391(greedy) done serving by server 3
81.977 518 done serving by self-check 4
81.977 519 serves by self-check 4
82.027 440 done serving by server 1
82.087 555 arrives
82.087 555 waits at self-check 4
82.136 517 done serving by self-check 5
82.136 520(greedy) serves by self-check 5
82.251 418 serves by server 3
82.395 556 arrives
82.395 556 waits at server 3
82.484 456(greedy) serves by server 1
82.501 557 arrives
82.501 557 waits at server 1
82.647 520(greedy) done serving by self-check 5
82.647 521(greedy) serves by self-check 5
82.675 558 arrives
82.675 558 waits at self-check 4
82.870 559(greedy) arrives
82.870 559(greedy) waits at self-check 4
82.914 466 serves by server 2
82.927 560(greedy) arrives
82.927 560(greedy) waits at server 2
82.962 561 arrives
82.962 561 leaves
82.974 562(greedy) arrives
82.974 562(greedy) leaves
83.051 563 arrives
83.051 563 leaves
83.300 519 done serving by self-check 4
83.300 522(greedy) serves by self-check 4
83.332 564 arrives
83.332 564 waits at self-check 4
83.420 565 arrives
83.420 565 leaves
83.524 566 arrives
83.524 566 leaves
83.567 466 done serving by server 2
83.579 418 done serving by server 3
83.586 567(greedy) arrives
83.586 567(greedy) leaves
83.639 568(greedy) arrives
83.639 568(greedy) leaves
83.829 522(greedy) done serving by self-check 4
83.829 524(greedy) serves by self-check 4
83.870 569 arrives
83.870 569 waits at self-check 4
83.896 570(greedy) arrives
83.896 570(greedy) leaves
83.907 571 arrives
83.907 571 leaves
83.927 572(greedy) arrives
83.927 572(greedy) leaves
83.992 573 arrives
83.992 573 leaves
83.996 574 arrives
83.996 574 leaves
84.014 421(greedy) serves by server 3
84.043 521(greedy) done serving by self-check 5
84.043 526 serves by self-check 5
84.078 524(greedy) done serving by self-check 4
84.078 527 serves by self-check 4
84.078 575 arrives
84.078 575 waits at server 3
84.275 576(greedy) arrives
84.275 576(greedy) waits at self-check 4
84.416 577 arrives
84.416 577 waits at self-check 4
84.466 578 arrives
84.466 578 leaves
84.487 421(greedy) done serving by server 3
84.550 474(greedy) serves by server 2
84.624 579 arrives
84.624 579 waits at server 2
84.689 474(greedy) done serving by server 2
84.925 580 arrives
84.925 580 leaves
84.987 581 arrives
84.987 581 leaves
85.057 582(greedy) arrives
85.057 582(greedy) leaves
85.205 482 serves by server 2
85.256 526 done serving by self-check 5
85.256 530(greedy) serves by self-check 5
85.300 583(greedy) arrives
85.300 583(greedy) waits at server 2
85.355 530(greedy) done serving by self-check 5
85.355 552(greedy) serves by self-check 5
85.554 482 done serving by server 2
85.603 584(greedy) arrives
85.603 584(greedy) waits at self-check 4
85.630 585(greedy) arrives
85.630 585(greedy) waits at self-check 4
85.714 586(greedy) arrives
85.714 586(greedy) leaves
85.830 484 serves by server 2
85.887 552(greedy) done serving by self-check 5
85.887 554 serves by self-check 5
86.008 587(greedy) arrives
86.008 587(greedy) waits at server 2
86.028 456(greedy) done serving by server 1
86.247 527 done serving by self-check 4
86.247 555 serves by self-check 4
86.392 588 arrives
86.392 588 waits at self-check 4
86.416 465(greedy) serves by server 1
86.570 554 done serving by self-check 5
86.570 558 serves by self-check 5
86.610 589 arrives
86.610 589 waits at server 1
86.651 555 done serving by self-check 4
86.651 559(greedy) serves by self-check 4
86.808 434 serves by server 3
86.944 590 arrives
86.944 590 waits at server 3
86.987 434 done serving by server 3
86.991 484 done serving by server 2
87.037 591(greedy) arrives
87.037 591(greedy) waits at self-check 4
87.048 592 arrives
87.048 592 waits at self-check 4
87.050 558 done serving by self-check 5
87.050 564 serves by self-check 5
87.181 593 arrives
87.181 593 waits at self-check 4
87.232 594 arrives
87.232 594 waits at self-check 4
87.431 559(greedy) done serving by self-check 4
87.431 569 serves by self-check 4
87.548 569 done serving by self-check 4
87.548 576(greedy) serves by self-check 4
87.563 595 arrives
87.563 595 waits at self-check 4
87.758 596(greedy) arrives
87.758 596(greedy) waits at self-check 4
87.780 597 arrives
87.780 597 leaves
87.786 498 serves by server 2
87.797 465(greedy) done serving by server 1
87.887 438(greedy) serves by server 3
88.016 598(greedy) arrives
88.016 598(greedy) waits at server 2
88.065 599(greedy) arrives
88.065 599(greedy) waits at server 3
88.174 576(greedy) done serving by self-check 4
88.174 577 serves by self-check 4
88.177 498 done serving by server 2
88.219 600(greedy) arrives
88.219 600(greedy) waits at self-check 4
88.256 564 done serving by self-check 5
88.256 584(greedy) serves by self-check 5
88.264 601(greedy) arrives
88.264 601(greedy) waits at self-check 4
88.360 438(greedy) done serving by server 3
88.422 602 arrives
88.422 602 leaves
88.473 603(greedy) arrives
88.473 603(greedy) leaves
88.490 525 serves by server 2
88.542 604(greedy) arrives
88.542 604(greedy) waits at server 2
88.632 605 arrives
88.632 605 leaves
88.647 606(greedy) arrives
88.647 606(greedy) leaves
88.722 584(greedy) done serving by self-check 5
88.722 585(greedy) serves by self-check 5
88.851 458(greedy) serves by server 3
89.031 585(greedy) done serving by self-check 5
89.031 588 serves by self-check 5
89.080 607(greedy) arrives
89.080 607(greedy) waits at self-check 4
89.091 608(greedy) arrives
89.091 608(greedy) waits at server 3
89.334 609 arrives
89.334 609 waits at self-check 4
89.447 458(greedy) done serving by server 3
89.467 610 arrives
89.467 610 leaves
89.495 611 arrives
89.495 611 leaves
89.588 612 arrives
89.588 612 leaves
89.651 613 arrives
89.651 613 leaves
89.678 614(greedy) arrives
89.678 614(greedy) leaves
89.678 475 serves by server 3
89.817 615 arrives
89.817 615 waits at server 3
89.823 616(greedy) arrives
89.823 616(greedy) leaves
90.122 617 arrives
90.122 617 leaves
90.179 577 done serving by self-check 4
90.179 591(greedy) serves by self-check 4
90.446 525 done serving by server 2
90.671 618 arrives
90.671 618 waits at self-check 4
90.727 619(greedy) arrives
90.727 619(greedy) leaves
90.956 620(greedy) arrives
90.956 620(greedy) leaves
91.044 621 arrives
91.044 621 leaves
91.171 469(greedy) serves by server 1
91.360 622 arrives
91.360 622 waits at server 1
91.464 623(greedy) arrives
91.464 623(greedy) leaves
91.531 624(greedy) arrives
91.531 624(greedy) leaves
91.560 591(greedy) done serving by self-check 4
91.560 592 serves by self-check 4
91.838 625 arrives
91.838 625 waits at self-check 4
91.846 588 done serving by self-check 5
91.846 593 serves by self-check 5
92.216 626 arrives
92.216 626 waits at self-check 4
92.252 627 arrives
92.252 627 leaves
92.550 592 done serving by self-check 4
92.550 594 serves by self-check 4
92.612 628(greedy) arrives
92.612 628(greedy) waits at self-check 4
92.628 475 done serving by server 3
92.826 629 arrives
92.826 629 leaves
92.866 594 done serving by self-check 4
92.866 595 serves by self-check 4
92.939 630 arrives
92.939 630 waits at self-check 4
92.998 631(greedy) arrives
92.998 631(greedy) leaves
93.130 595 done serving by self-check 4
93.130 596(greedy) serves by self-check 4
93.223 529 serves by server 2
93.235 632 arrives
93.235 632 waits at server 2
93.339 633 arrives
93.339 633 waits at self-check 4
93.447 634 arrives
93.447 634 leaves
93.589 593 done serving by self-check 5
93.589 600(greedy) serves by self-check 5
93.601 529 done serving by server 2
93.608 487 serves by server 3
93.628 600(greedy) done serving by self-check 5
93.628 601(greedy) serves by self-check 5
93.744 635 arrives
93.744 635 waits at server 3
93.760 636(greedy) arrives
93.760 636(greedy) waits at self-check 4
93.777 487 done serving by server 3
93.780 601(greedy) done serving by self-check 5
93.780 607(greedy) serves by self-check 5
93.803 637 arrives
93.803 637 waits at self-check 4
93.967 638 arrives
93.967 638 waits at self-check 4
94.015 513(greedy) serves by server 3
94.032 639(greedy) arrives
94.032 639(greedy) waits at server 3
94.215 640(greedy) arrives
94.215 640(greedy) leaves
94.414 596(greedy) done serving by self-check 4
94.414 609 serves by self-check 4
94.521 641 arrives
94.521 641 waits at self-check 4
94.644 642(greedy) arrives
94.644 642(greedy) leaves
94.680 536 serves by server 2
94.863 469(greedy) done serving by server 1
94.965 607(greedy) done serving by self-check 5
94.965 618 serves by self-check 5
95.148 618 done serving by self-check 5
95.148 625 serves by self-check 5
95.185 643(greedy) arrives
95.185 643(greedy) waits at self-check 4
95.219 536 done serving by server 2
95.226 625 done serving by self-check 5
95.226 626 serves by self-check 5
95.264 644(greedy) arrives
95.264 644(greedy) waits at self-check 4
95.289 539(greedy) serves by server 2
95.377 645(greedy) arrives
95.377 645(greedy) waits at server 2
95.422 626 done serving by self-check 5
95.422 628(greedy) serves by self-check 5
95.575 628(greedy) done serving by self-check 5
95.575 630 serves by self-check 5
95.591 609 done serving by self-check 4
95.591 633 serves by self-check 4
95.613 646(greedy) arrives
95.613 646(greedy) waits at self-check 4
95.644 539(greedy) done serving by server 2
95.677 633 done serving by self-check 4
95.677 636(greedy) serves by self-check 4
95.717 476 serves by server 1
95.721 636(greedy) done serving by self-check 4
95.721 637 serves by self-check 4
95.729 647 arrives
95.729 647 waits at server 1
95.917 648(greedy) arrives
95.917 648(greedy) waits at self-check 4
95.972 649(greedy) arrives
95.972 649(greedy) waits at self-check 4
96.029 650 arrives
96.029 650 waits at server 2
96.202 637 done serving by self-check 4
96.202 638 serves by self-check 4
96.253 651(greedy) arrives
96.253 651(greedy) waits at self-check 4
96.307 551 serves by server 2
96.425 652(greedy) arrives
96.425 652(greedy) waits at self-check 4
96.510 513(greedy) done serving by server 3
96.632 653 arrives
96.632 653 waits at server 2
96.734 654(greedy) arrives
96.734 654(greedy) waits at self-check 4
96.892 638 done serving by self-check 4
96.892 641 serves by self-check 4
97.175 655(greedy) arrives
97.175 655(greedy) waits at self-check 4
97.215 476 done serving by server 1
97.327 656 arrives
97.327 656 waits at self-check 4
97.433 630 done serving by self-check 5
97.433 643(greedy) serves by self-check 5
97.436 657 arrives
97.436 657 waits at self-check 4
97.535 551 done serving by server 2
97.568 658 arrives
97.568 658 leaves
97.695 523 serves by server 3
97.819 659(greedy) arrives
97.819 659(greedy) waits at server 3
97.850 560(greedy) serves by server 2
97.875 523 done serving by server 3
98.025 660(greedy) arrives
98.025 660(greedy) waits at server 2
98.276 661 arrives
98.276 661 leaves
98.345 662(greedy) arrives
98.345 662(greedy) leaves
98.410 545(greedy) serves by server 3
98.411 663 arrives
98.411 663 waits at server 3
98.431 664 arrives
98.431 664 leaves
98.498 641 done serving by self-check 4
98.498 644(greedy) serves by self-check 4
98.499 665(greedy) arrives
98.499 665(greedy) waits at self-check 4
98.624 666 arrives
98.624 666 leaves
98.647 667(greedy) arrives
98.647 667(greedy) leaves
98.686 668 arrives
98.686 668 leaves
98.713 560(greedy) done serving by server 2
98.795 669 arrives
98.795 669 leaves
99.061 478 serves by server 1
99.113 478 done serving by server 1
99.160 670 arrives
99.160 670 waits at server 1
99.203 643(greedy) done serving by self-check 5
99.203 646(greedy) serves by self-check 5
99.414 545(greedy) done serving by server 3
99.528 646(greedy) done serving by self-check 5
99.528 648(greedy) serves by self-check 5
99.530 556 serves by server 3
99.587 648(greedy) done serving by self-check 5
99.587 649(greedy) serves by self-check 5
99.599 671 arrives
99.599 671 waits at server 3
99.859 579 serves by server 2
99.897 556 done serving by server 3
99.977 579 done serving by server 2
99.992 583(greedy) serves by server 2
100.178 672 arrives
100.178 672 waits at server 2
100.219 575 serves by server 3
100.293 673 arrives
100.293 673 waits at server 2
100.329 674 arrives
100.329 674 waits at server 3
100.377 583(greedy) done serving by server 2
100.470 649(greedy) done serving by self-check 5
100.470 651(greedy) serves by self-check 5
100.673 675 arrives
100.673 675 waits at self-check 4
100.762 575 done serving by server 3
100.847 676 arrives
100.847 676 waits at self-check 4
100.947 590 serves by server 3
100.950 677 arrives
100.950 677 waits at server 3
100.976 678(greedy) arrives
100.976 678(greedy) waits at self-check 4
100.980 644(greedy) done serving by self-check 4
100.980 652(greedy) serves by self-check 4
101.022 679(greedy) arrives
101.022 679(greedy) waits at self-check 4
101.041 680 arrives
101.041 680 waits at self-check 4
101.042 681(greedy) arrives
101.042 681(greedy) leaves
101.053 682(greedy) arrives
101.053 682(greedy) leaves
101.140 683(greedy) arrives
101.140 683(greedy) leaves
101.190 481 serves by server 1
101.291 587(greedy) serves by server 2
101.350 651(greedy) done serving by self-check 5
101.350 654(greedy) serves by self-check 5
101.421 654(greedy) done serving by self-check 5
101.421 655(greedy) serves by self-check 5
101.612 684(greedy) arrives
101.612 684(greedy) waits at self-check 4
101.807 652(greedy) done serving by self-check 4
101.807 656 serves by self-check 4
101.838 685(greedy) arrives
101.838 685(greedy) waits at self-check 4
102.084 686 arrives
102.084 686 waits at server 1
102.313 587(greedy) done serving by server 2
102.621 687 arrives
102.621 687 waits at server 2
102.631 590 done serving by server 3
102.747 688 arrives
102.747 688 waits at self-check 4
102.809 655(greedy) done serving by self-check 5
102.809 657 serves by self-check 5
102.934 689 arrives
102.934 689 waits at self-check 4
102.936 690(greedy) arrives
102.936 690(greedy) leaves
102.946 691(greedy) arrives
102.946 691(greedy) leaves
102.998 598(greedy) serves by server 2
103.247 692(greedy) arrives
103.247 692(greedy) waits at server 2
103.330 657 done serving by self-check 5
103.330 665(greedy) serves by self-check 5
103.340 693 arrives
103.340 693 waits at self-check 4
103.358 694(greedy) arrives
103.358 694(greedy) leaves
103.367 695(greedy) arrives
103.367 695(greedy) leaves
103.724 696 arrives
103.724 696 leaves
103.809 697 arrives
103.809 697 leaves
103.818 698 arrives
103.818 698 leaves
103.854 699(greedy) arrives
103.854 699(greedy) leaves
104.149 481 done serving by server 1
104.191 700(greedy) arrives
104.191 700(greedy) leaves
104.468 701(greedy) arrives
104.468 701(greedy) leaves
104.613 702(greedy) arrives
104.613 702(greedy) leaves
104.720 703(greedy) arrives
104.720 703(greedy) leaves
104.735 704 arrives
104.735 704 leaves
104.756 705 arrives
104.756 705 leaves
104.831 706(greedy) arrives
104.831 706(greedy) leaves
104.964 599(greedy) serves by server 3
105.183 707(greedy) arrives
105.183 707(greedy) waits at server 3
105.233 708(greedy) arrives
105.233 708(greedy) leaves
105.368 599(greedy) done serving by server 3
105.630 709(greedy) arrives
105.630 709(greedy) leaves
105.632 598(greedy) done serving by server 2
105.994 710 arrives
105.994 710 leaves
106.044 665(greedy) done serving by self-check 5
106.044 675 serves by self-check 5
106.135 485 serves by server 1
106.171 711 arrives
106.171 711 waits at server 1
106.342 712 arrives
106.342 712 waits at self-check 4
106.452 713 arrives
106.452 713 leaves
106.487 714 arrives
106.487 714 leaves
106.532 656 done serving by self-check 4
106.532 676 serves by self-check 4
106.563 715(greedy) arrives
106.563 715(greedy) waits at self-check 4
106.704 716 arrives
106.704 716 leaves
106.743 717(greedy) arrives
106.743 717(greedy) leaves
106.829 718(greedy) arrives
106.829 718(greedy) leaves
107.009 719 arrives
107.009 719 leaves
107.047 675 done serving by self-check 5
107.047 678(greedy) serves by self-check 5
107.326 720(greedy) arrives
107.326 720(greedy) waits at self-check 4
107.336 721(greedy) arrives
107.336 721(greedy) leaves
107.366 485 done serving by server 1
107.400 678(greedy) done serving by self-check 5
107.400 679(greedy) serves by self-check 5
107.519 679(greedy) done serving by self-check 5
107.519 680 serves by self-check 5
107.723 722(greedy) arrives
107.723 722(greedy) waits at self-check 4
107.741 676 done serving by self-check 4
107.741 684(greedy) serves by self-check 4
107.752 684(greedy) done serving by self-check 4
107.752 685(greedy) serves by self-check 4
107.828 723 arrives
107.828 723 waits at self-check 4
107.846 724 arrives
107.846 724 waits at self-check 4
107.896 725(greedy) arrives
107.896 725(greedy) waits at self-check 4
107.979 726 arrives
107.979 726 leaves
108.180 727(greedy) arrives
108.180 727(greedy) leaves
108.308 504 serves by server 1
108.317 728(greedy) arrives
108.317 728(greedy) waits at server 1
108.378 685(greedy) done serving by self-check 4
108.378 688 serves by self-check 4
108.512 729(greedy) arrives
108.512 729(greedy) waits at self-check 4
108.524 730(greedy) arrives
108.524 730(greedy) leaves
108.559 731 arrives
108.559 731 leaves
108.869 732 arrives
108.869 732 leaves
108.898 733 arrives
108.898 733 leaves
109.001 734(greedy) arrives
109.001 734(greedy) leaves
109.032 735(greedy) arrives
109.032 735(greedy) leaves
109.035 604(greedy) serves by server 2
109.367 604(greedy) done serving by server 2
109.376 680 done serving by self-check 5
109.376 689 serves by self-check 5
109.404 736(greedy) arrives
109.404 736(greedy) waits at server 2
109.422 737(greedy) arrives
109.422 737(greedy) waits at self-check 4
109.541 608(greedy) serves by server 3
109.630 738(greedy) arrives
109.630 738(greedy) waits at server 3
109.665 739(greedy) arrives
109.665 739(greedy) leaves
109.683 740 arrives
109.683 740 leaves
109.702 741 arrives
109.702 741 leaves
109.730 742 arrives
109.730 742 leaves
109.904 743(greedy) arrives
109.904 743(greedy) leaves
109.970 744(greedy) arrives
109.970 744(greedy) leaves
110.000 745 arrives
110.000 745 leaves
110.045 632 serves by server 2
110.108 688 done serving by self-check 4
110.108 693 serves by self-check 4
110.109 746 arrives
110.109 746 waits at server 2
110.119 689 done serving by self-check 5
110.119 712 serves by self-check 5
110.124 504 done serving by server 1
110.338 747 arrives
110.338 747 waits at self-check 4
110.553 748(greedy) arrives
110.553 748(greedy) waits at self-check 4
110.614 632 done serving by server 2
110.719 608(greedy) done serving by server 3
110.889 749 arrives
110.889 749 leaves
110.960 615 serves by server 3
111.039 750 arrives
111.039 750 waits at server 3
111.179 712 done serving by self-check 5
111.179 715(greedy) serves by self-check 5
111.203 693 done serving by self-check 4
111.203 720(greedy) serves by self-check 4
111.310 751 arrives
111.310 751 waits at self-check 4
111.439 645(greedy) serves by server 2
111.642 715(greedy) done serving by self-check 5
111.642 722(greedy) serves by self-check 5
111.678 752 arrives
111.678 752 waits at server 2
111.746 722(greedy) done serving by self-check 5
111.746 723 serves by self-check 5
112.191 507 serves by server 1
112.333 753 arrives
112.333 753 waits at server 1
112.337 754(greedy) arrives
112.337 754(greedy) waits at self-check 4
112.344 755(greedy) arrives
112.344 755(greedy) waits at self-check 4
112.399 615 done serving by server 3
112.410 756 arrives
112.410 756 waits at self-check 4
112.538 723 done serving by self-check 5
112.538 724 serves by self-check 5
112.558 757 arrives
112.558 757 waits at self-check 4
112.654 758 arrives
112.654 758 leaves
112.728 720(greedy) done serving by self-check 4
112.728 725(greedy) serves by self-check 4
112.991 725(greedy) done serving by self-check 4
112.991 729(greedy) serves by self-check 4
112.993 759 arrives
112.993 759 waits at self-check 4
113.255 760 arrives
113.255 760 waits at self-check 4
113.271 761 arrives
113.271 761 leaves
113.536 762 arrives
113.536 762 leaves
113.582 763 arrives
113.582 763 leaves
113.607 729(greedy) done serving by self-check 4
113.607 737(greedy) serves by self-check 4
113.654 737(greedy) done serving by self-check 4
113.654 747 serves by self-check 4
113.669 747 done serving by self-check 4
113.669 748(greedy) serves by self-check 4
113.713 635 serves by server 3
113.805 748(greedy) done serving by self-check 4
113.805 751 serves by self-check 4
113.848 764 arrives
113.848 764 waits at server 3
113.883 765 arrives
113.883 765 waits at self-check 4
113.895 766 arrives
113.895 766 waits at self-check 4
114.081 751 done serving by self-check 4
114.081 754(greedy) serves by self-check 4
114.114 767 arrives
114.114 767 waits at self-check 4
114.184 768(greedy) arrives
114.184 768(greedy) waits at self-check 4
114.272 769 arrives
114.272 769 waits at self-check 4
114.323 635 done serving by server 3
114.342 770 arrives
114.342 770 leaves
114.389 771 arrives
114.389 771 leaves
114.544 772(greedy) arrives
114.544 772(greedy) leaves
114.596 773 arrives
114.596 773 leaves
114.821 754(greedy) done serving by self-check 4
114.821 755(greedy) serves by self-check 4
114.912 774 arrives
114.912 774 waits at self-check 4
114.960 639(greedy) serves by server 3
114.993 775(greedy) arrives
114.993 775(greedy) waits at server 3
115.060 776 arrives
115.060 776 leaves
115.085 777(greedy) arrives
115.085 777(greedy) leaves
115.245 778(greedy) arrives
115.245 778(greedy) leaves
115.413 779 arrives
115.413 779 leaves
115.466 755(greedy) done serving by self-check 4
115.466 756 serves by self-check 4
115.491 507 done serving by server 1
115.561 780 arrives
115.561 780 waits at self-check 4
115.625 538(greedy) serves by server 1
115.778 645(greedy) done serving by server 2
115.834 756 done serving by self-check 4
115.834 757 serves by self-check 4
115.935 781(greedy) arrives
115.935 781(greedy) waits at server 1
115.954 782(greedy) arrives
115.954 782(greedy) waits at self-check 4
115.990 650 serves by server 2
115.997 650 done serving by server 2
116.095 757 done serving by self-check 4
116.095 759 serves by self-check 4
116.333 538(greedy) done serving by server 1
116.401 783(greedy) arrives
116.401 783(greedy) waits at server 2
116.555 759 done serving by self-check 4
116.555 760 serves by self-check 4
116.585 557 serves by server 1
116.874 557 done serving by server 1
116.897 784(greedy) arrives
116.897 784(greedy) waits at self-check 4
116.900 785(greedy) arrives
116.900 785(greedy) waits at server 1
116.911 589 serves by server 1
116.974 786(greedy) arrives
116.974 786(greedy) waits at server 1
117.018 653 serves by server 2
117.111 787 arrives
117.111 787 waits at server 2
117.125 788(greedy) arrives
117.125 788(greedy) waits at self-check 4
117.187 653 done serving by server 2
117.257 589 done serving by server 1
117.319 639(greedy) done serving by server 3
117.325 659(greedy) serves by server 3
117.443 789(greedy) arrives
117.443 789(greedy) waits at server 3
117.453 790 arrives
117.453 790 leaves
117.523 622 serves by server 1
117.536 791(greedy) arrives
117.536 791(greedy) waits at server 1
117.553 792 arrives
117.553 792 leaves
117.608 793(greedy) arrives
117.608 793(greedy) leaves
117.676 659(greedy) done serving by server 3
117.725 760 done serving by self-check 4
117.725 765 serves by self-check 4
117.765 794(greedy) arrives
117.765 794(greedy) waits at self-check 4
117.816 795(greedy) arrives
117.816 795(greedy) leaves
117.866 796(greedy) arrives
117.866 796(greedy) leaves
117.976 797 arrives
117.976 797 leaves
118.040 798(greedy) arrives
118.040 798(greedy) leaves
118.061 799(greedy) arrives
118.061 799(greedy) leaves
118.092 663 serves by server 3
118.212 800(greedy) arrives
118.212 800(greedy) waits at server 3
118.382 663 done serving by server 3
118.399 801(greedy) arrives
118.399 801(greedy) leaves
118.432 802(greedy) arrives
118.432 802(greedy) leaves
118.458 622 done serving by server 1
118.525 803(greedy) arrives
118.525 803(greedy) leaves
118.602 804(greedy) arrives
118.602 804(greedy) leaves
118.619 660(greedy) serves by server 2
118.777 805 arrives
118.777 805 waits at server 2
118.904 671 serves by server 3
119.087 647 serves by server 1
119.127 724 done serving by self-check 5
119.127 766 serves by self-check 5
119.144 766 done serving by self-check 5
119.144 767 serves by self-check 5
119.227 765 done serving by self-check 4
119.227 768(greedy) serves by self-check 4
119.364 767 done serving by self-check 5
119.364 769 serves by self-check 5
119.377 806 arrives
119.377 806 waits at server 1
119.387 647 done serving by server 1
119.495 807 arrives
119.495 807 waits at server 3
119.773 769 done serving by self-check 5
119.773 774 serves by self-check 5
119.834 808(greedy) arrives
119.834 808(greedy) waits at self-check 4
119.950 809(greedy) arrives
119.950 809(greedy) waits at self-check 4
119.956 810(greedy) arrives
119.956 810(greedy) waits at self-check 4
120.066 671 done serving by server 3
120.139 811 arrives
120.139 811 waits at self-check 4
120.224 774 done serving by self-check 5
120.224 780 serves by self-check 5
120.224 812(greedy) arrives
120.224 812(greedy) waits at self-check 4
120.368 660(greedy) done serving by server 2
120.407 768(greedy) done serving by self-check 4
120.407 782(greedy) serves by self-check 4
120.444 813 arrives
120.444 813 waits at self-check 4
120.579 814 arrives
120.579 814 waits at self-check 4
120.712 815 arrives
120.712 815 leaves
120.764 816(greedy) arrives
120.764 816(greedy) leaves
120.855 782(greedy) done serving by self-check 4
120.855 784(greedy) serves by self-check 4
120.946 817 arrives
120.946 817 waits at self-check 4
121.255 818(greedy) arrives
121.255 818(greedy) leaves
121.425 784(greedy) done serving by self-check 4
121.425 788(greedy) serves by self-check 4
121.484 780 done serving by self-check 5
121.484 794(greedy) serves by self-check 5
121.577 819(greedy) arrives
121.577 819(greedy) waits at self-check 4
121.579 670 serves by server 1
121.702 820(greedy) arrives
121.702 820(greedy) waits at server 1
121.756 821 arrives
121.756 821 waits at self-check 4
121.884 788(greedy) done serving by self-check 4
121.884 808(greedy) serves by self-check 4
121.924 822 arrives
121.924 822 waits at self-check 4
121.983 794(greedy) done serving by self-check 5
121.983 809(greedy) serves by self-check 5
122.126 823(greedy) arrives
122.126 823(greedy) waits at self-check 4
122.189 672 serves by server 2
122.191 824 arrives
122.191 824 waits at server 2
122.197 825(greedy) arrives
122.197 825(greedy) leaves
122.365 826 arrives
122.365 826 leaves
122.427 808(greedy) done serving by self-check 4
122.427 810(greedy) serves by self-check 4
122.463 827 arrives
122.463 827 waits at self-check 4
122.513 828 arrives
122.513 828 leaves
122.599 674 serves by server 3
122.600 829(greedy) arrives
122.600 829(greedy) waits at server 3
122.650 672 done serving by server 2
122.671 830(greedy) arrives
122.671 830(greedy) leaves
122.676 831 arrives
122.676 831 leaves
122.686 832(greedy) arrives
122.686 832(greedy) leaves
122.879 674 done serving by server 3
123.029 833 arrives
123.029 833 leaves
123.062 834(greedy) arrives
123.062 834(greedy) leaves
123.183 835 arrives
123.183 835 leaves
123.184 836(greedy) arrives
123.184 836(greedy) leaves
123.241 837 arrives
123.241 837 leaves
123.283 838(greedy) arrives
123.283 838(greedy) leaves
123.311 839(greedy) arrives
123.311 839(greedy) leaves
123.397 840(greedy) arrives
123.397 840(greedy) leaves
123.435 841(greedy) arrives
123.435 841(greedy) leaves
123.449 673 serves by server 2
123.502 842 arrives
123.502 842 waits at server 2
123.593 843(greedy) arrives
123.593 843(greedy) leaves
123.609 670 done serving by server 1
123.879 809(greedy) done serving by self-check 5
123.879 811 serves by self-check 5
123.907 686 serves by server 1
123.922 677 serves by server 3
123.949 686 done serving by server 1
124.138 810(greedy) done serving by self-check 4
124.138 812(greedy) serves by self-check 4
124.142 844(greedy) arrives
124.142 844(greedy) waits at self-check 4
124.147 845 arrives
124.147 845 waits at server 1
124.182 846 arrives
124.182 846 waits at server 3
124.217 847(greedy) arrives
124.217 847(greedy) waits at self-check 4
124.221 848 arrives
124.221 848 leaves
124.285 673 done serving by server 2
124.292 849 arrives
124.292 849 leaves
124.302 850 arrives
124.302 850 leaves
124.410 851 arrives
124.410 851 leaves
124.413 852 arrives
124.413 852 leaves
124.630 811 done serving by self-check 5
124.630 813 serves by self-check 5
124.633 853 arrives
124.633 853 waits at self-check 4
124.694 854(greedy) arrives
124.694 854(greedy) leaves
124.802 855 arrives
124.802 855 leaves
124.824 677 done serving by server 3
124.831 856 arrives
124.831 856 leaves
124.845 812(greedy) done serving by self-check 4
124.845 814 serves by self-check 4
124.916 857(greedy) arrives
124.916 857(greedy) waits at self-check 4
124.979 858 arrives
124.979 858 leaves
125.027 707(greedy) serves by server 3
125.108 859(greedy) arrives
125.108 859(greedy) waits at server 3
125.189 687 serves by server 2
125.601 860 arrives
125.601 860 waits at server 2
125.610 814 done serving by self-check 4
125.610 817 serves by self-check 4
125.744 861 arrives
125.744 861 waits at self-check 4
125.759 707(greedy) done serving by server 3
125.810 862 arrives
125.810 862 leaves
125.938 813 done serving by self-check 5
125.938 819(greedy) serves by self-check 5
125.991 711 serves by server 1
126.207 863(greedy) arrives
126.207 863(greedy) waits at server 1
126.469 864 arrives
126.469 864 waits at self-check 4
126.472 819(greedy) done serving by self-check 5
126.472 821 serves by self-check 5
126.697 817 done serving by self-check 4
126.697 822 serves by self-check 4
127.090 865 arrives
127.090 865 waits at self-check 4
127.142 866 arrives
127.142 866 waits at self-check 4
127.363 711 done serving by server 1
127.450 867 arrives
127.450 867 leaves
127.464 868(greedy) arrives
127.464 868(greedy) leaves
127.543 821 done serving by self-check 5
127.543 823(greedy) serves by self-check 5
127.566 823(greedy) done serving by self-check 5
127.566 827 serves by self-check 5
127.572 869 arrives
127.572 869 waits at self-check 4
127.584 728(greedy) serves by server 1
128.334 870(greedy) arrives
128.334 870(greedy) waits at server 1
128.414 871(greedy) arrives
128.414 871(greedy) waits at self-check 4
128.510 822 done serving by self-check 4
128.510 844(greedy) serves by self-check 4
128.533 827 done serving by self-check 5
128.533 847(greedy) serves by self-check 5
128.830 872(greedy) arrives
128.830 872(greedy) waits at self-check 4
128.850 687 done serving by server 2
128.878 873(greedy) arrives
128.878 873(greedy) waits at self-check 4
128.899 874 arrives
128.899 874 leaves
129.022 875 arrives
129.022 875 leaves
129.038 692(greedy) serves by server 2
129.167 728(greedy) done serving by server 1
129.363 847(greedy) done serving by self-check 5
129.363 853 serves by self-check 5
129.461 876(greedy) arrives
129.461 876(greedy) waits at server 2
129.476 753 serves by server 1
129.632 692(greedy) done serving by server 2
129.678 877 arrives
129.678 877 waits at server 1
129.736 738(greedy) serves by server 3
129.773 878(greedy) arrives
129.773 878(greedy) waits at server 3
129.930 879(greedy) arrives
129.930 879(greedy) waits at self-check 4
130.055 880 arrives
130.055 880 leaves
130.164 881 arrives
130.164 881 leaves
130.186 882(greedy) arrives
130.186 882(greedy) leaves
130.226 883(greedy) arrives
130.226 883(greedy) leaves
130.262 884 arrives
130.262 884 leaves
130.297 885 arrives
130.297 885 leaves
130.665 738(greedy) done serving by server 3
130.688 753 done serving by server 1
130.698 853 done serving by self-check 5
130.698 857(greedy) serves by self-check 5
130.718 781(greedy) serves by server 1
130.811 736(greedy) serves by server 2
130.907 886(greedy) arrives
130.907 886(greedy) waits at server 1
130.947 887 arrives
130.947 887 waits at server 2
131.198 888 arrives
131.198 888 waits at self-check 4
131.326 889 arrives
131.326 889 leaves
131.426 857(greedy) done serving by self-check 5
131.426 861 serves by self-check 5
131.480 890 arrives
131.480 890 waits at self-check 4
131.700 844(greedy) done serving by self-check 4
131.700 864 serves by self-check 4
131.750 864 done serving by self-check 4
131.750 865 serves by self-check 4
131.792 891 arrives
131.792 891 waits at self-check 4
131.882 865 done serving by self-check 4
131.882 866 serves by self-check 4
131.943 892 arrives
131.943 892 waits at self-check 4
132.030 893(greedy) arrives
132.030 893(greedy) waits at self-check 4
132.171 736(greedy) done serving by server 2
132.173 894(greedy) arrives
132.173 894(greedy) leaves
132.260 895 arrives
132.260 895 leaves
132.275 781(greedy) done serving by server 1
132.361 896 arrives
132.361 896 leaves
132.410 897 arrives
132.410 897 leaves
132.420 898(greedy) arrives
132.420 898(greedy) leaves
132.459 899 arrives
132.459 899 leaves
132.464 746 serves by server 2
132.468 900(greedy) arrives
132.468 900(greedy) waits at server 2
132.506 746 done serving by server 2
132.520 901(greedy) arrives
132.520 901(greedy) leaves
132.593 902(greedy) arrives
132.593 902(greedy) leaves
132.625 861 done serving by self-check 5
132.625 869 serves by self-check 5
132.650 752 serves by server 2
132.655 869 done serving by self-check 5
132.655 871(greedy) serves by self-check 5
132.766 785(greedy) serves by server 1
133.035 903(greedy) arrives
133.035 903(greedy) waits at self-check 4
133.066 871(greedy) done serving by self-check 5
133.066 872(greedy) serves by self-check 5
133.120 872(greedy) done serving by self-check 5
133.120 873(greedy) serves by self-check 5
133.180 904(greedy) arrives
133.180 904(greedy) waits at self-check 4
133.227 905(greedy) arrives
133.227 905(greedy) waits at self-check 4
133.357 906(greedy) arrives
133.357 906(greedy) waits at server 1
133.510 907(greedy) arrives
133.510 907(greedy) waits at server 2
133.526 908 arrives
133.526 908 waits at self-check 4
133.788 750 serves by server 3
133.823 873(greedy) done serving by self-check 5
133.823 879(greedy) serves by self-check 5
133.839 879(greedy) done serving by self-check 5
133.839 888 serves by self-check 5
133.854 785(greedy) done serving by server 1
133.905 786(greedy) serves by server 1
134.012 909(greedy) arrives
134.012 909(greedy) waits at self-check 4
134.023 888 done serving by self-check 5
134.023 890 serves by self-check 5
134.047 910(greedy) arrives
134.047 910(greedy) waits at self-check 4
134.183 911 arrives
134.183 911 waits at server 1
134.200 912(greedy) arrives
134.200 912(greedy) waits at server 3
134.211 913(greedy) arrives
134.211 913(greedy) waits at self-check 4
134.229 752 done serving by server 2
134.277 866 done serving by self-check 4
134.277 891 serves by self-check 4
134.282 914(greedy) arrives
134.282 914(greedy) waits at self-check 4
134.367 891 done serving by self-check 4
134.367 892 serves by self-check 4
134.433 915(greedy) arrives
134.433 915(greedy) waits at self-check 4
134.468 916(greedy) arrives
134.468 916(greedy) leaves
134.477 892 done serving by self-check 4
134.477 893(greedy) serves by self-check 4
134.640 917 arrives
134.640 917 waits at self-check 4
134.801 783(greedy) serves by server 2
134.859 783(greedy) done serving by server 2
134.887 918 arrives
134.887 918 waits at server 2
134.981 919(greedy) arrives
134.981 919(greedy) leaves
134.986 750 done serving by server 3
135.105 786(greedy) done serving by server 1
135.147 787 serves by server 2
135.381 920 arrives
135.381 920 waits at server 2
135.385 787 done serving by server 2
135.448 791(greedy) serves by server 1
135.514 921(greedy) arrives
135.514 921(greedy) waits at server 1
135.532 890 done serving by self-check 5
135.532 903(greedy) serves by self-check 5
135.532 922 arrives
135.532 922 waits at self-check 4
135.766 764 serves by server 3
135.792 791(greedy) done serving by server 1
135.910 903(greedy) done serving by self-check 5
135.910 904(greedy) serves by self-check 5
135.973 923 arrives
135.973 923 waits at server 3
136.050 805 serves by server 2
136.180 764 done serving by server 3
136.246 893(greedy) done serving by self-check 4
136.246 905(greedy) serves by self-check 4
136.336 924(greedy) arrives
136.336 924(greedy) waits at self-check 4
136.358 925(greedy) arrives
136.358 925(greedy) waits at server 2
136.420 926(greedy) arrives
136.420 926(greedy) waits at self-check 4
136.547 927 arrives
136.547 927 leaves
136.558 928(greedy) arrives
136.558 928(greedy) leaves
136.680 929(greedy) arrives
136.680 929(greedy) leaves
136.694 930(greedy) arrives
136.694 930(greedy) leaves
136.790 806 serves by server 1
136.852 806 done serving by server 1
136.856 931 arrives
136.856 931 waits at server 1
136.907 820(greedy) serves by server 1
136.924 932 arrives
136.924 932 waits at server 1
136.985 933(greedy) arrives
136.985 933(greedy) leaves
137.155 934 arrives
137.155 934 leaves
137.156 805 done serving by server 2
137.160 935(greedy) arrives
137.160 935(greedy) leaves
137.230 905(greedy) done serving by self-check 4
137.230 908 serves by self-check 4
137.293 904(greedy) done serving by self-check 5
137.293 909(greedy) serves by self-check 5
137.338 936 arrives
137.338 936 waits at self-check 4
137.403 937 arrives
137.403 937 waits at self-check 4
137.470 824 serves by server 2
137.497 820(greedy) done serving by server 1
137.577 938 arrives
137.577 938 waits at server 2
137.636 909(greedy) done serving by self-check 5
137.636 910(greedy) serves by self-check 5
137.688 910(greedy) done serving by self-check 5
137.688 913(greedy) serves by self-check 5
137.909 939(greedy) arrives
137.909 939(greedy) waits at self-check 4
137.912 940 arrives
137.912 940 waits at self-check 4
137.936 913(greedy) done serving by self-check 5
137.936 914(greedy) serves by self-check 5
137.941 908 done serving by self-check 4
137.941 915(greedy) serves by self-check 4
137.965 941(greedy) arrives
137.965 941(greedy) waits at self-check 4
137.975 942(greedy) arrives
137.975 942(greedy) waits at self-check 4
138.068 824 done serving by server 2
138.118 943 arrives
138.118 943 leaves
138.132 775(greedy) serves by server 3
138.215 944(greedy) arrives
138.215 944(greedy) waits at server 3
138.220 914(greedy) done serving by self-check 5
138.220 917 serves by self-check 5
138.237 775(greedy) done serving by server 3
138.269 945(greedy) arrives
138.269 945(greedy) waits at self-check 4
138.372 946 arrives
138.372 946 leaves
138.614 947(greedy) arrives
138.614 947(greedy) leaves
138.628 915(greedy) done serving by self-check 4
138.628 922 serves by self-check 4
138.634 845 serves by server 1
138.710 948(greedy) arrives
138.710 948(greedy) waits at server 1
138.804 949(greedy) arrives
138.804 949(greedy) waits at self-check 4
138.860 950(greedy) arrives
138.860 950(greedy) leaves
139.011 842 serves by server 2
139.012 917 done serving by self-check 5
139.012 924(greedy) serves by self-check 5
139.170 842 done serving by server 2
139.241 845 done serving by server 1
139.308 951 arrives
139.308 951 waits at server 2
139.320 952 arrives
139.320 952 waits at self-check 4
139.438 953(greedy) arrives
139.438 953(greedy) leaves
139.538 954 arrives
139.538 954 leaves
139.569 955 arrives
139.569 955 leaves
139.584 863(greedy) serves by server 1
139.616 956(greedy) arrives
139.616 956(greedy) waits at server 1
139.723 924(greedy) done serving by self-check 5
139.723 926(greedy) serves by self-check 5
139.750 957 arrives
139.750 957 waits at self-check 4
139.968 863(greedy) done serving by server 1
140.213 789(greedy) serves by server 3
140.398 958 arrives
140.398 958 waits at server 3
140.448 926(greedy) done serving by self-check 5
140.448 936 serves by self-check 5
140.461 936 done serving by self-check 5
140.461 937 serves by self-check 5
140.517 937 done serving by self-check 5
140.517 939(greedy) serves by self-check 5
140.558 860 serves by server 2
140.564 959 arrives
140.564 959 waits at server 2
140.646 870(greedy) serves by server 1
140.728 860 done serving by server 2
140.862 939(greedy) done serving by self-check 5
140.862 940 serves by self-check 5
140.942 870(greedy) done serving by server 1
141.118 877 serves by server 1
141.302 960(greedy) arrives
141.302 960(greedy) waits at self-check 4
141.330 876(greedy) serves by server 2
141.446 940 done serving by self-check 5
141.446 941(greedy) serves by self-check 5
141.572 961(greedy) arrives
141.572 961(greedy) waits at self-check 4
141.605 962 arrives
141.605 962 waits at server 1
141.645 876(greedy) done serving by server 2
141.901 963 arrives
141.901 963 waits at server 1
141.969 789(greedy) done serving by server 3
142.128 964(greedy) arrives
142.128 964(greedy) waits at self-check 4
142.413 965(greedy) arrives
142.413 965(greedy) waits at self-check 4
142.418 966 arrives
142.418 966 waits at server 2
142.449 800(greedy) serves by server 3
142.524 967(greedy) arrives
142.524 967(greedy) waits at server 3
142.679 968(greedy) arrives
142.679 968(greedy) waits at self-check 4
142.857 877 done serving by server 1
142.896 941(greedy) done serving by self-check 5
142.896 942(greedy) serves by self-check 5
142.915 942(greedy) done serving by self-check 5
142.915 945(greedy) serves by self-check 5
142.969 886(greedy) serves by server 1
143.148 969(greedy) arrives
143.148 969(greedy) waits at self-check 4
143.313 970(greedy) arrives
143.313 970(greedy) waits at server 1
143.341 886(greedy) done serving by server 1
143.406 971(greedy) arrives
143.406 971(greedy) waits at self-check 4
143.592 972(greedy) arrives
143.592 972(greedy) leaves
143.604 973 arrives
143.604 973 leaves
143.623 945(greedy) done serving by self-check 5
143.623 949(greedy) serves by self-check 5
143.862 887 serves by server 2
143.880 974(greedy) arrives
143.880 974(greedy) waits at server 2
143.885 975(greedy) arrives
143.885 975(greedy) waits at self-check 4
143.910 976 arrives
143.910 976 leaves
144.048 977(greedy) arrives
144.048 977(greedy) leaves
144.213 978 arrives
144.213 978 leaves
144.254 922 done serving by self-check 4
144.254 952 serves by self-check 4
144.338 979(greedy) arrives
144.338 979(greedy) waits at self-check 4
144.339 980(greedy) arrives
144.339 980(greedy) leaves
144.476 981 arrives
144.476 981 leaves
144.544 952 done serving by self-check 4
144.544 957 serves by self-check 4
144.898 800(greedy) done serving by server 3
145.034 982 arrives
145.034 982 waits at self-check 4
145.058 887 done serving by server 2
145.087 983 arrives
145.087 983 leaves
145.155 906(greedy) serves by server 1
145.580 984(greedy) arrives
145.580 984(greedy) waits at server 1
145.599 985(greedy) arrives
145.599 985(greedy) leaves
145.659 986 arrives
145.659 986 leaves
145.671 987 arrives
145.671 987 leaves
145.813 988(greedy) arrives
145.813 988(greedy) leaves
145.827 989(greedy) arrives
145.827 989(greedy) leaves
145.923 990 arrives
145.923 990 leaves
145.953 991 arrives
145.953 991 leaves
146.197 992 arrives
146.197 992 leaves
146.233 906(greedy) done serving by server 1
146.255 900(greedy) serves by server 2
146.346 957 done serving by self-check 4
146.346 960(greedy) serves by self-check 4
146.556 949(greedy) done serving by self-check 5
146.556 961(greedy) serves by self-check 5
146.691 960(greedy) done serving by self-check 4
146.691 964(greedy) serves by self-check 4
146.698 961(greedy) done serving by self-check 5
146.698 965(greedy) serves by self-check 5
146.744 993 arrives
146.744 993 waits at server 2
146.808 994 arrives
146.808 994 waits at self-check 4
146.871 995 arrives
146.871 995 waits at self-check 4
146.906 996(greedy) arrives
146.906 996(greedy) waits at self-check 4
146.923 997 arrives
146.923 997 waits at self-check 4
146.941 998(greedy) arrives
146.941 998(greedy) leaves
146.949 964(greedy) done serving by self-check 4
146.949 968(greedy) serves by self-check 4
147.036 999 arrives
147.036 999 waits at self-check 4
147.115 1000(greedy) arrives
147.115 1000(greedy) leaves
147.892 900(greedy) done serving by server 2
148.092 907(greedy) serves by server 2
148.152 968(greedy) done serving by self-check 4
148.152 969(greedy) serves by self-check 4
148.196 907(greedy) done serving by server 2
148.302 965(greedy) done serving by self-check 5
148.302 971(greedy) serves by self-check 5
148.617 918 serves by server 2
148.706 807 serves by server 3
148.864 807 done serving by server 3
148.894 918 done serving by server 2
149.351 829(greedy) serves by server 3
149.652 920 serves by server 2
149.806 971(greedy) done serving by self-check 5
149.806 975(greedy) serves by self-check 5
150.053 911 serves by server 1
150.104 975(greedy) done serving by self-check 5
150.104 979(greedy) serves by self-check 5
150.537 920 done serving by server 2
150.729 925(greedy) serves by server 2
151.122 911 done serving by server 1
151.288 969(greedy) done serving by self-check 4
151.288 982 serves by self-check 4
151.743 979(greedy) done serving by self-check 5
151.743 994 serves by self-check 5
151.879 921(greedy) serves by server 1
152.115 994 done serving by self-check 5
152.115 995 serves by self-check 5
152.188 921(greedy) done serving by server 1
152.378 982 done serving by self-check 4
152.378 996(greedy) serves by self-check 4
152.634 829(greedy) done serving by server 3
152.713 925(greedy) done serving by server 2
152.770 996(greedy) done serving by self-check 4
152.770 997 serves by self-check 4
153.533 931 serves by server 1
153.611 938 serves by server 2
153.686 997 done serving by self-check 4
153.686 999 serves by self-check 4
153.796 995 done serving by self-check 5
153.845 846 serves by server 3
154.285 931 done serving by server 1
154.296 999 done serving by self-check 4
154.313 938 done serving by server 2
154.571 932 serves by server 1
155.360 932 done serving by server 1
155.390 951 serves by server 2
155.394 948(greedy) serves by server 1
155.403 948(greedy) done serving by server 1
155.858 951 done serving by server 2
156.187 959 serves by server 2
156.636 956(greedy) serves by server 1
156.794 956(greedy) done serving by server 1
157.056 846 done serving by server 3
157.215 959 done serving by server 2
157.553 962 serves by server 1
158.434 859(greedy) serves by server 3
158.491 859(greedy) done serving by server 3
158.541 966 serves by server 2
159.896 962 done serving by server 1
159.964 966 done serving by server 2
160.078 878(greedy) serves by server 3
160.692 974(greedy) serves by server 2
161.070 878(greedy) done serving by server 3
161.434 974(greedy) done serving by server 2
161.814 912(greedy) serves by server 3
162.058 912(greedy) done serving by server 3
163.331 963 serves by server 1
164.786 993 serves by server 2
164.861 993 done serving by server 2
164.878 963 done serving by server 1
165.145 970(greedy) serves by server 1
165.295 923 serves by server 3
165.315 970(greedy) done serving by server 1
165.726 984(greedy) serves by server 1
166.131 984(greedy) done serving by server 1
167.672 923 done serving by server 3
167.698 944(greedy) serves by server 3
168.284 944(greedy) done serving by server 3
169.175 958 serves by server 3
169.434 958 done serving by server 3
170.400 967(greedy) serves by server 3
172.353 967(greedy) done serving by server 3
[10.301 564 436]
